<?xml version="1.0" encoding="UTF-8"?>
<testsuites>
  <testsuite name="/home/dasscheman/svn/LOVD3_development/trunk/tests/phpunit_selenium/" tests="168" assertions="502" failures="0" errors="21" time="1090.981541">
    <testsuite name="admin_tests" file="/home/dasscheman/svn/LOVD3_development/trunk/tests/phpunit_selenium/adminTest.php" tests="32" assertions="118" failures="0" errors="4" time="480.216426">
      <testcase name="testInstallLOVD" class="admin_tests" file="/home/dasscheman/svn/LOVD3_development/trunk/tests/phpunit_selenium/adminTest.php" line="45" assertions="7" time="19.988018"/>
      <testcase name="testCreateGeneIVD" class="admin_tests" file="/home/dasscheman/svn/LOVD3_development/trunk/tests/phpunit_selenium/adminTest.php" line="90" assertions="1" time="5.203606"/>
      <testcase name="testCreateUserManager" class="admin_tests" file="/home/dasscheman/svn/LOVD3_development/trunk/tests/phpunit_selenium/adminTest.php" line="110" assertions="1" time="0.910418"/>
      <testcase name="testCreateUserCurator" class="admin_tests" file="/home/dasscheman/svn/LOVD3_development/trunk/tests/phpunit_selenium/adminTest.php" line="130" assertions="1" time="0.868373"/>
      <testcase name="testMakeUserCuratorIVD" class="admin_tests" file="/home/dasscheman/svn/LOVD3_development/trunk/tests/phpunit_selenium/adminTest.php" line="150" assertions="1" time="0.616096"/>
      <testcase name="testCreateUserSubmitter" class="admin_tests" file="/home/dasscheman/svn/LOVD3_development/trunk/tests/phpunit_selenium/adminTest.php" line="159" assertions="1" time="0.832844"/>
      <testcase name="testCreateDiseaseIVA" class="admin_tests" file="/home/dasscheman/svn/LOVD3_development/trunk/tests/phpunit_selenium/adminTest.php" line="179" assertions="1" time="0.857156"/>
      <testcase name="testCreateIndividualDiagnosedWithHealtyControl" class="admin_tests" file="/home/dasscheman/svn/LOVD3_development/trunk/tests/phpunit_selenium/adminTest.php" line="190" assertions="2" time="4.151114"/>
      <testcase name="testAddPhenotypeInfoToHealtyIndividual" class="admin_tests" file="/home/dasscheman/svn/LOVD3_development/trunk/tests/phpunit_selenium/adminTest.php" line="209" assertions="3" time="3.931717"/>
      <testcase name="testAddScreeningToHealtyIndividual" class="admin_tests" file="/home/dasscheman/svn/LOVD3_development/trunk/tests/phpunit_selenium/adminTest.php" line="224" assertions="3" time="3.949426"/>
      <testcase name="testAddVariantLocatedWithinGeneToHealtyIndividual" class="admin_tests" file="/home/dasscheman/svn/LOVD3_development/trunk/tests/phpunit_selenium/adminTest.php" line="243" assertions="7" time="8.409843"/>
      <testcase name="testAddSeatlleseqFileToHealtyIndividual" class="admin_tests" file="/home/dasscheman/svn/LOVD3_development/trunk/tests/phpunit_selenium/adminTest.php" line="279" assertions="5" time="92.753164"/>
      <testcase name="testAddVariantOnlyDescribedOnGenomicLevelToHealtyIndividual" class="admin_tests" file="/home/dasscheman/svn/LOVD3_development/trunk/tests/phpunit_selenium/adminTest.php" line="314" assertions="4" time="4.298115"/>
      <testcase name="testFinishIndividualDiagnosedHealty" class="admin_tests" file="/home/dasscheman/svn/LOVD3_development/trunk/tests/phpunit_selenium/adminTest.php" line="338" assertions="2" time="0.345623"/>
      <testcase name="testCreateIndividualDiagnosedWithIVA" class="admin_tests" file="/home/dasscheman/svn/LOVD3_development/trunk/tests/phpunit_selenium/adminTest.php" line="345" assertions="2" time="4.123560"/>
      <testcase name="testAddPhenotypeInfoToIVAIndividual" class="admin_tests" file="/home/dasscheman/svn/LOVD3_development/trunk/tests/phpunit_selenium/adminTest.php" line="364" assertions="3" time="3.979330"/>
      <testcase name="testAddScreeningToIVAIndividual" class="admin_tests" file="/home/dasscheman/svn/LOVD3_development/trunk/tests/phpunit_selenium/adminTest.php" line="379" assertions="3" time="4.018919"/>
      <testcase name="testAddVariantLocatedWithinGeneToIVAIndividual" class="admin_tests" file="/home/dasscheman/svn/LOVD3_development/trunk/tests/phpunit_selenium/adminTest.php" line="398" assertions="7" time="7.625320"/>
      <testcase name="testAddVariantOnlyDescribedOnGenomicLevelToIVAIndividual" class="admin_tests" file="/home/dasscheman/svn/LOVD3_development/trunk/tests/phpunit_selenium/adminTest.php" line="434" assertions="4" time="4.389061"/>
      <testcase name="testConfirmVariantToIVAIndividual" class="admin_tests" file="/home/dasscheman/svn/LOVD3_development/trunk/tests/phpunit_selenium/adminTest.php" line="458" assertions="9" time="12.136013"/>
      <testcase name="testAddVcfFileToIVAIndividual" class="admin_tests" file="/home/dasscheman/svn/LOVD3_development/trunk/tests/phpunit_selenium/adminTest.php" line="495" assertions="6" time="102.992694"/>
      <testcase name="testFinishIndividualDiagnosedWithIVA" class="admin_tests" file="/home/dasscheman/svn/LOVD3_development/trunk/tests/phpunit_selenium/adminTest.php" line="545" assertions="2" time="3.933873"/>
      <testcase name="testAddSummaryVariantLocatedWithinGene" class="admin_tests" file="/home/dasscheman/svn/LOVD3_development/trunk/tests/phpunit_selenium/adminTest.php" line="554" assertions="11" time="12.160937"/>
      <testcase name="testAddSummaryVariantOnlyDescribedOnGenomicLevel" class="admin_tests" file="/home/dasscheman/svn/LOVD3_development/trunk/tests/phpunit_selenium/adminTest.php" line="605" assertions="6" time="8.689343"/>
      <testcase name="testAddSummaryVariantSeatlleseqFile" class="admin_tests" file="/home/dasscheman/svn/LOVD3_development/trunk/tests/phpunit_selenium/adminTest.php" line="635" assertions="7" time="26.659384"/>
      <testcase name="testAddSummaryVariantVcfFile" class="admin_tests" file="/home/dasscheman/svn/LOVD3_development/trunk/tests/phpunit_selenium/adminTest.php" line="673" assertions="7" time="111.752627"/>
      <testcase name="testPostFinishAddVariantOnlyDescribedOnGenomicLevelToIVAIndividual" class="admin_tests" file="/home/dasscheman/svn/LOVD3_development/trunk/tests/phpunit_selenium/adminTest.php" line="766" assertions="6" time="5.274351"/>
      <testcase name="testPostFinishAddVariantLocatedWithinGeneToIVAIndividual" class="admin_tests" file="/home/dasscheman/svn/LOVD3_development/trunk/tests/phpunit_selenium/adminTest.php" line="798" assertions="5" time="4.561418">
        <error type="PHPUnit_Framework_Error">admin_tests::testPostFinishAddVariantLocatedWithinGeneToIVAIndividual
Current URL: http://localhost/svn/LOVD3/trunk/src/variants?create&amp;reference=Transcript&amp;geneid=IVD&amp;target=0000000002
Screenshot: trunk/tests/test_results/error_screenshots/c815ac517087b939d587348eeafc2574.png

Failed asserting that false is true.

</error>
      </testcase>
      <testcase name="testPostFinishAddScreeningToIVAIndividual" class="admin_tests" file="/home/dasscheman/svn/LOVD3_development/trunk/tests/phpunit_selenium/adminTest.php" line="841" assertions="0" time="4.446951">
        <error type="PHPUnit_Framework_Error">admin_tests::testPostFinishAddScreeningToIVAIndividual
Current URL: http://localhost:4444/selenium-server/core/Blank.html?start=true
Screenshot: trunk/tests/test_results/error_screenshots/81ec09d2c2f886ab3df22b66c6da7acb.png

Invalid response while accessing the Selenium Server at 'http://localhost:4444/selenium-server/driver/': ERROR: Element id=tab_individuals not found

</error>
      </testcase>
      <testcase name="testPostFinishAddPhenotypeInfoToIVAIndividual" class="admin_tests" file="/home/dasscheman/svn/LOVD3_development/trunk/tests/phpunit_selenium/adminTest.php" line="867" assertions="0" time="4.294826">
        <error type="PHPUnit_Framework_Error">admin_tests::testPostFinishAddPhenotypeInfoToIVAIndividual
Current URL: http://localhost:4444/selenium-server/core/Blank.html?start=true
Screenshot: trunk/tests/test_results/error_screenshots/0ef68b49baa62e7700fcee0d4afb1ce3.png

Invalid response while accessing the Selenium Server at 'http://localhost:4444/selenium-server/driver/': ERROR: Element id=tab_individuals not found

</error>
      </testcase>
      <testcase name="testDeleteGeneIVD" class="admin_tests" file="/home/dasscheman/svn/LOVD3_development/trunk/tests/phpunit_selenium/adminTest.php" line="889" assertions="0" time="5.051478">
        <error type="PHPUnit_Framework_Error">admin_tests::testDeleteGeneIVD
Current URL: http://localhost/svn/LOVD3/trunk/src/genes
Screenshot: trunk/tests/test_results/error_screenshots/1a472425a30307836ee7c77101c5b0e3.png

Invalid response while accessing the Selenium Server at 'http://localhost:4444/selenium-server/driver/': ERROR: Element id=viewentryOptionsButton_Genes not found

</error>
      </testcase>
      <testcase name="testUninstallLOVD" class="admin_tests" file="/home/dasscheman/svn/LOVD3_development/trunk/tests/phpunit_selenium/adminTest.php" line="905" assertions="1" time="7.010829"/>
    </testsuite>
    <testsuite name="authorization_tests" file="/home/dasscheman/svn/LOVD3_development/trunk/tests/phpunit_selenium/authorizationTest.php" tests="16" assertions="21" failures="0" errors="5" time="56.880598">
      <testcase name="testInstallLOVD" class="authorization_tests" file="/home/dasscheman/svn/LOVD3_development/trunk/tests/phpunit_selenium/authorizationTest.php" line="45" assertions="7" time="14.114470"/>
      <testcase name="testCreateUserManager" class="authorization_tests" file="/home/dasscheman/svn/LOVD3_development/trunk/tests/phpunit_selenium/authorizationTest.php" line="90" assertions="1" time="0.932724"/>
      <testcase name="testCreateUserCurator" class="authorization_tests" file="/home/dasscheman/svn/LOVD3_development/trunk/tests/phpunit_selenium/authorizationTest.php" line="110" assertions="1" time="0.928591"/>
      <testcase name="testCreateUserCollaborator" class="authorization_tests" file="/home/dasscheman/svn/LOVD3_development/trunk/tests/phpunit_selenium/authorizationTest.php" line="130" assertions="1" time="0.815469"/>
      <testcase name="testCreateUserSubmitter" class="authorization_tests" file="/home/dasscheman/svn/LOVD3_development/trunk/tests/phpunit_selenium/authorizationTest.php" line="150" assertions="1" time="0.814355"/>
      <testcase name="testCreateUserOwner" class="authorization_tests" file="/home/dasscheman/svn/LOVD3_development/trunk/tests/phpunit_selenium/authorizationTest.php" line="170" assertions="1" time="0.876080"/>
      <testcase name="testCreateGeneIVD" class="authorization_tests" file="/home/dasscheman/svn/LOVD3_development/trunk/tests/phpunit_selenium/authorizationTest.php" line="190" assertions="1" time="6.108627"/>
      <testcase name="testCreateDiseaseIVA" class="authorization_tests" file="/home/dasscheman/svn/LOVD3_development/trunk/tests/phpunit_selenium/authorizationTest.php" line="204" assertions="1" time="0.608870"/>
      <testcase name="testCreateIndividualDiagnosedWithIVA" class="authorization_tests" file="/home/dasscheman/svn/LOVD3_development/trunk/tests/phpunit_selenium/authorizationTest.php" line="215" assertions="2" time="0.991564"/>
      <testcase name="testAddScreeningToIVAIndividual" class="authorization_tests" file="/home/dasscheman/svn/LOVD3_development/trunk/tests/phpunit_selenium/authorizationTest.php" line="233" assertions="2" time="0.930951"/>
      <testcase name="testAddVariantLocatedWithinGeneToIVAIndividual" class="authorization_tests" file="/home/dasscheman/svn/LOVD3_development/trunk/tests/phpunit_selenium/authorizationTest.php" line="251" assertions="1" time="3.672963">
        <error type="PHPUnit_Framework_Error">authorization_tests::testAddVariantLocatedWithinGeneToIVAIndividual
Current URL: http://localhost/svn/LOVD3/trunk/src/variants?create&amp;reference=Transcript&amp;geneid=IVD&amp;target=0000000001
Screenshot: trunk/tests/test_results/error_screenshots/b87d2c661bba7c57039421288f3b4197.png

Failed asserting that false is true.

</error>
      </testcase>
      <testcase name="testAddPhenotypeInfoToIVAIndividual" class="authorization_tests" file="/home/dasscheman/svn/LOVD3_development/trunk/tests/phpunit_selenium/authorizationTest.php" line="279" assertions="0" time="4.585195">
        <error type="PHPUnit_Framework_Error">authorization_tests::testAddPhenotypeInfoToIVAIndividual
Current URL: http://localhost/svn/LOVD3/trunk/src/phenotypes?create&amp;target=00000001
Screenshot: trunk/tests/test_results/error_screenshots/093fe405863b8f88d4ff14edf7d77da9.png

Invalid response while accessing the Selenium Server at 'http://localhost:4444/selenium-server/driver/': ERROR: Element name=Phenotype/Additional not found

</error>
      </testcase>
      <testcase name="testMakeUserCuratorIVD" class="authorization_tests" file="/home/dasscheman/svn/LOVD3_development/trunk/tests/phpunit_selenium/authorizationTest.php" line="289" assertions="0" time="4.931752">
        <error type="PHPUnit_Framework_Error">authorization_tests::testMakeUserCuratorIVD
Current URL: http://localhost/svn/LOVD3/trunk/src/genes/IVD?sortCurators
Screenshot: trunk/tests/test_results/error_screenshots/31995dc06c7fa2b10a8fdad3dfd947b1.png

Invalid response while accessing the Selenium Server at 'http://localhost:4444/selenium-server/driver/': ERROR: Element link=Test Curator not found

</error>
      </testcase>
      <testcase name="testMakeUserCollaboratorIVD" class="authorization_tests" file="/home/dasscheman/svn/LOVD3_development/trunk/tests/phpunit_selenium/authorizationTest.php" line="298" assertions="0" time="4.644866">
        <error type="PHPUnit_Framework_Error">authorization_tests::testMakeUserCollaboratorIVD
Current URL: http://localhost/svn/LOVD3/trunk/src/genes/IVD?sortCurators
Screenshot: trunk/tests/test_results/error_screenshots/0915587887c59022bcdb7633ae02b8b2.png

Invalid response while accessing the Selenium Server at 'http://localhost:4444/selenium-server/driver/': ERROR: Element link=Test Collaborator not found

</error>
      </testcase>
      <testcase name="testAuthorization" class="authorization_tests" file="/home/dasscheman/svn/LOVD3_development/trunk/tests/phpunit_selenium/authorizationTest.php" line="308" assertions="1" time="5.365899">
        <error type="PHPUnit_Framework_Error">authorization_tests::testAuthorization
Current URL: http://localhost/svn/LOVD3/trunk/tests/unit_tests/authorization.php
Screenshot: trunk/tests/test_results/error_screenshots/7decfd92d5f0806137c6513b2f7d837a.png

Failed asserting that two strings are equal.
--- Expected
+++ Actual
@@ @@
-'Complete, all successful'
+'Assertion Failed!
+ Line: 81
+ Code: !empty($_AUTH["curates"])'


</error>
      </testcase>
      <testcase name="testUninstallLOVD" class="authorization_tests" file="/home/dasscheman/svn/LOVD3_development/trunk/tests/phpunit_selenium/authorizationTest.php" line="313" assertions="1" time="6.558222"/>
    </testsuite>
    <testsuite name="collaborator_tests" file="/home/dasscheman/svn/LOVD3_development/trunk/tests/phpunit_selenium/collaboratorTest.php" tests="28" assertions="91" failures="0" errors="0" time="100.185144">
      <testcase name="testInstallLOVD" class="collaborator_tests" file="/home/dasscheman/svn/LOVD3_development/trunk/tests/phpunit_selenium/collaboratorTest.php" line="45" assertions="1" time="13.868428"/>
      <testcase name="testCreateGeneGJB" class="collaborator_tests" file="/home/dasscheman/svn/LOVD3_development/trunk/tests/phpunit_selenium/collaboratorTest.php" line="84" assertions="3" time="6.084402"/>
      <testcase name="testCreateUserCollaborator" class="collaborator_tests" file="/home/dasscheman/svn/LOVD3_development/trunk/tests/phpunit_selenium/collaboratorTest.php" line="104" assertions="1" time="0.849156"/>
      <testcase name="testMakeUserCollaboratorGJB" class="collaborator_tests" file="/home/dasscheman/svn/LOVD3_development/trunk/tests/phpunit_selenium/collaboratorTest.php" line="124" assertions="1" time="0.610989"/>
      <testcase name="testLoginAsCollaborator" class="collaborator_tests" file="/home/dasscheman/svn/LOVD3_development/trunk/tests/phpunit_selenium/collaboratorTest.php" line="135" assertions="1" time="0.747101"/>
      <testcase name="testCreateUserSubmitter" class="collaborator_tests" file="/home/dasscheman/svn/LOVD3_development/trunk/tests/phpunit_selenium/collaboratorTest.php" line="145" assertions="1" time="0.191169"/>
      <testcase name="testCreateDiseaseCMT" class="collaborator_tests" file="/home/dasscheman/svn/LOVD3_development/trunk/tests/phpunit_selenium/collaboratorTest.php" line="150" assertions="6" time="5.451796"/>
      <testcase name="testCreateIndividualDiagnosedWithCMT" class="collaborator_tests" file="/home/dasscheman/svn/LOVD3_development/trunk/tests/phpunit_selenium/collaboratorTest.php" line="181" assertions="2" time="3.784093"/>
      <testcase name="testAddPhenotypeInfoToCMTIndividual" class="collaborator_tests" file="/home/dasscheman/svn/LOVD3_development/trunk/tests/phpunit_selenium/collaboratorTest.php" line="196" assertions="3" time="3.874411"/>
      <testcase name="testAddScreeningToCMTIndividual" class="collaborator_tests" file="/home/dasscheman/svn/LOVD3_development/trunk/tests/phpunit_selenium/collaboratorTest.php" line="209" assertions="3" time="3.981070"/>
      <testcase name="testAddVariantLocatedWithinGeneToCMTIndividual" class="collaborator_tests" file="/home/dasscheman/svn/LOVD3_development/trunk/tests/phpunit_selenium/collaboratorTest.php" line="227" assertions="7" time="8.407034"/>
      <testcase name="testAddVariantOnlyDescribedOnGenomicLevelToCMTIndividual" class="collaborator_tests" file="/home/dasscheman/svn/LOVD3_development/trunk/tests/phpunit_selenium/collaboratorTest.php" line="259" assertions="4" time="4.074489"/>
      <testcase name="testConfirmVariantToCMTIndividual" class="collaborator_tests" file="/home/dasscheman/svn/LOVD3_development/trunk/tests/phpunit_selenium/collaboratorTest.php" line="280" assertions="9" time="12.122435"/>
      <testcase name="testAddSeatlleseqFileToCMTIndividual" class="collaborator_tests" file="/home/dasscheman/svn/LOVD3_development/trunk/tests/phpunit_selenium/collaboratorTest.php" line="316" assertions="1" time="0.205713"/>
      <testcase name="testAddVcfFileToCMTIndividual" class="collaborator_tests" file="/home/dasscheman/svn/LOVD3_development/trunk/tests/phpunit_selenium/collaboratorTest.php" line="321" assertions="1" time="0.199489"/>
      <testcase name="testFinishIndividualDiagnosedWithCMT" class="collaborator_tests" file="/home/dasscheman/svn/LOVD3_development/trunk/tests/phpunit_selenium/collaboratorTest.php" line="326" assertions="3" time="3.730328"/>
      <testcase name="testAddSummaryVariantLocatedWithinGene" class="collaborator_tests" file="/home/dasscheman/svn/LOVD3_development/trunk/tests/phpunit_selenium/collaboratorTest.php" line="336" assertions="1" time="0.207920"/>
      <testcase name="testAddSummaryVariantOnlyDescribedOnGenomicLevel" class="collaborator_tests" file="/home/dasscheman/svn/LOVD3_development/trunk/tests/phpunit_selenium/collaboratorTest.php" line="341" assertions="1" time="0.210679"/>
      <testcase name="testAddSummaryVariantSeatlleseqFile" class="collaborator_tests" file="/home/dasscheman/svn/LOVD3_development/trunk/tests/phpunit_selenium/collaboratorTest.php" line="346" assertions="1" time="0.193989"/>
      <testcase name="testAddSummaryVariantVcfFile" class="collaborator_tests" file="/home/dasscheman/svn/LOVD3_development/trunk/tests/phpunit_selenium/collaboratorTest.php" line="351" assertions="1" time="0.216114"/>
      <testcase name="testLoginAsAdmin" class="collaborator_tests" file="/home/dasscheman/svn/LOVD3_development/trunk/tests/phpunit_selenium/collaboratorTest.php" line="356" assertions="1" time="0.789713"/>
      <testcase name="testCurateSubmittedData" class="collaborator_tests" file="/home/dasscheman/svn/LOVD3_development/trunk/tests/phpunit_selenium/collaboratorTest.php" line="366" assertions="11" time="2.891109"/>
      <testcase name="testPostFinishAddVariantOnlyDescribedOnGenomicLevelToCMTIndividual" class="collaborator_tests" file="/home/dasscheman/svn/LOVD3_development/trunk/tests/phpunit_selenium/collaboratorTest.php" line="399" assertions="6" time="7.916581"/>
      <testcase name="testPostFinishAddVariantLocatedWithinGeneToCMTIndividual" class="collaborator_tests" file="/home/dasscheman/svn/LOVD3_development/trunk/tests/phpunit_selenium/collaboratorTest.php" line="434" assertions="9" time="8.067680"/>
      <testcase name="testPostFinishAddScreeningToCMTIndividual" class="collaborator_tests" file="/home/dasscheman/svn/LOVD3_development/trunk/tests/phpunit_selenium/collaboratorTest.php" line="473" assertions="5" time="4.428379"/>
      <testcase name="testPostFinishAddPhenotypeInfoToCMTIndividual" class="collaborator_tests" file="/home/dasscheman/svn/LOVD3_development/trunk/tests/phpunit_selenium/collaboratorTest.php" line="498" assertions="6" time="4.377798"/>
      <testcase name="testDeleteGeneGJB" class="collaborator_tests" file="/home/dasscheman/svn/LOVD3_development/trunk/tests/phpunit_selenium/collaboratorTest.php" line="519" assertions="1" time="0.275392"/>
      <testcase name="testUninstallLOVD" class="collaborator_tests" file="/home/dasscheman/svn/LOVD3_development/trunk/tests/phpunit_selenium/collaboratorTest.php" line="524" assertions="1" time="2.427687"/>
    </testsuite>
    <testsuite name="curator_tests" file="/home/dasscheman/svn/LOVD3_development/trunk/tests/phpunit_selenium/curatorTest.php" tests="28" assertions="94" failures="0" errors="0" time="120.048411">
      <testcase name="testInstallLOVD" class="curator_tests" file="/home/dasscheman/svn/LOVD3_development/trunk/tests/phpunit_selenium/curatorTest.php" line="45" assertions="1" time="14.004613"/>
      <testcase name="testCreateGeneGJB" class="curator_tests" file="/home/dasscheman/svn/LOVD3_development/trunk/tests/phpunit_selenium/curatorTest.php" line="84" assertions="3" time="7.380667"/>
      <testcase name="testCreateUserManager" class="curator_tests" file="/home/dasscheman/svn/LOVD3_development/trunk/tests/phpunit_selenium/curatorTest.php" line="105" assertions="1" time="0.858654"/>
      <testcase name="testCreateUserCurator" class="curator_tests" file="/home/dasscheman/svn/LOVD3_development/trunk/tests/phpunit_selenium/curatorTest.php" line="125" assertions="1" time="0.818531"/>
      <testcase name="testMakeUserCuratorGJB" class="curator_tests" file="/home/dasscheman/svn/LOVD3_development/trunk/tests/phpunit_selenium/curatorTest.php" line="145" assertions="1" time="0.665649"/>
      <testcase name="testLoginAsCurator" class="curator_tests" file="/home/dasscheman/svn/LOVD3_development/trunk/tests/phpunit_selenium/curatorTest.php" line="154" assertions="1" time="0.713260"/>
      <testcase name="testCreateUserCurator2" class="curator_tests" file="/home/dasscheman/svn/LOVD3_development/trunk/tests/phpunit_selenium/curatorTest.php" line="164" assertions="1" time="0.202124"/>
      <testcase name="testCreateUserSubmitter" class="curator_tests" file="/home/dasscheman/svn/LOVD3_development/trunk/tests/phpunit_selenium/curatorTest.php" line="169" assertions="1" time="0.204124"/>
      <testcase name="testCreateDiseaseCMT" class="curator_tests" file="/home/dasscheman/svn/LOVD3_development/trunk/tests/phpunit_selenium/curatorTest.php" line="174" assertions="3" time="3.709703"/>
      <testcase name="testCreateIndividualDiagnosedWithCMT" class="curator_tests" file="/home/dasscheman/svn/LOVD3_development/trunk/tests/phpunit_selenium/curatorTest.php" line="189" assertions="3" time="4.039448"/>
      <testcase name="testAddPhenotypeInfoToCMTIndividual" class="curator_tests" file="/home/dasscheman/svn/LOVD3_development/trunk/tests/phpunit_selenium/curatorTest.php" line="210" assertions="3" time="3.860671"/>
      <testcase name="testAddScreeningToCMTIndividual" class="curator_tests" file="/home/dasscheman/svn/LOVD3_development/trunk/tests/phpunit_selenium/curatorTest.php" line="225" assertions="3" time="3.811954"/>
      <testcase name="testAddVariantLocatedWithinGeneToCMTIndividual" class="curator_tests" file="/home/dasscheman/svn/LOVD3_development/trunk/tests/phpunit_selenium/curatorTest.php" line="244" assertions="7" time="7.900886"/>
      <testcase name="testAddVariantOnlyDescribedOnGenomicLevelToCMTIndividual" class="curator_tests" file="/home/dasscheman/svn/LOVD3_development/trunk/tests/phpunit_selenium/curatorTest.php" line="280" assertions="4" time="4.226278"/>
      <testcase name="testConfirmVariantToCMTIndividual" class="curator_tests" file="/home/dasscheman/svn/LOVD3_development/trunk/tests/phpunit_selenium/curatorTest.php" line="304" assertions="9" time="12.588576"/>
      <testcase name="testAddSeatlleseqFileToCMTIndividual" class="curator_tests" file="/home/dasscheman/svn/LOVD3_development/trunk/tests/phpunit_selenium/curatorTest.php" line="341" assertions="1" time="0.319498"/>
      <testcase name="testAddVcfFileToCMTIndividual" class="curator_tests" file="/home/dasscheman/svn/LOVD3_development/trunk/tests/phpunit_selenium/curatorTest.php" line="346" assertions="1" time="0.219095"/>
      <testcase name="testFinishIndividualDiagnosedWithCMT" class="curator_tests" file="/home/dasscheman/svn/LOVD3_development/trunk/tests/phpunit_selenium/curatorTest.php" line="351" assertions="3" time="3.681035"/>
      <testcase name="testAddSummaryVariantLocatedWithinGene" class="curator_tests" file="/home/dasscheman/svn/LOVD3_development/trunk/tests/phpunit_selenium/curatorTest.php" line="361" assertions="8" time="11.632861"/>
      <testcase name="testAddSummaryVariantOnlyDescribedOnGenomicLevel" class="curator_tests" file="/home/dasscheman/svn/LOVD3_development/trunk/tests/phpunit_selenium/curatorTest.php" line="401" assertions="6" time="8.627847"/>
      <testcase name="testAddSummaryVariantSeatlleseqFile" class="curator_tests" file="/home/dasscheman/svn/LOVD3_development/trunk/tests/phpunit_selenium/curatorTest.php" line="427" assertions="1" time="0.319566"/>
      <testcase name="testAddSummaryVariantVcfFile" class="curator_tests" file="/home/dasscheman/svn/LOVD3_development/trunk/tests/phpunit_selenium/curatorTest.php" line="432" assertions="1" time="0.218431"/>
      <testcase name="testPostFinishAddVariantOnlyDescribedOnGenomicLevelToCMTIndividual" class="curator_tests" file="/home/dasscheman/svn/LOVD3_development/trunk/tests/phpunit_selenium/curatorTest.php" line="437" assertions="5" time="5.456140"/>
      <testcase name="testPostFinishAddVariantLocatedWithinGeneToCMTIndividual" class="curator_tests" file="/home/dasscheman/svn/LOVD3_development/trunk/tests/phpunit_selenium/curatorTest.php" line="468" assertions="9" time="9.051406"/>
      <testcase name="testPostFinishAddScreeningToCMTIndividual" class="curator_tests" file="/home/dasscheman/svn/LOVD3_development/trunk/tests/phpunit_selenium/curatorTest.php" line="511" assertions="5" time="4.371356"/>
      <testcase name="testPostFinishAddPhenotypeInfoToCMTIndividual" class="curator_tests" file="/home/dasscheman/svn/LOVD3_development/trunk/tests/phpunit_selenium/curatorTest.php" line="537" assertions="6" time="4.491101"/>
      <testcase name="testDeleteGeneGJB" class="curator_tests" file="/home/dasscheman/svn/LOVD3_development/trunk/tests/phpunit_selenium/curatorTest.php" line="560" assertions="5" time="4.486953"/>
      <testcase name="testUninstallLOVD" class="curator_tests" file="/home/dasscheman/svn/LOVD3_development/trunk/tests/phpunit_selenium/curatorTest.php" line="579" assertions="1" time="2.187984"/>
    </testsuite>
    <testsuite name="manager_tests" file="/home/dasscheman/svn/LOVD3_development/trunk/tests/phpunit_selenium/managerTest.php" tests="28" assertions="55" failures="0" errors="12" time="184.896082">
      <testcase name="testInstallLOVD" class="manager_tests" file="/home/dasscheman/svn/LOVD3_development/trunk/tests/phpunit_selenium/managerTest.php" line="45" assertions="1" time="14.077601"/>
      <testcase name="testCreateUserManager" class="manager_tests" file="/home/dasscheman/svn/LOVD3_development/trunk/tests/phpunit_selenium/managerTest.php" line="84" assertions="1" time="0.908757"/>
      <testcase name="testLoginAsManager" class="manager_tests" file="/home/dasscheman/svn/LOVD3_development/trunk/tests/phpunit_selenium/managerTest.php" line="104" assertions="1" time="0.676494"/>
      <testcase name="testCreateUserManager2" class="manager_tests" file="/home/dasscheman/svn/LOVD3_development/trunk/tests/phpunit_selenium/managerTest.php" line="114" assertions="1" time="0.283610"/>
      <testcase name="testCreateGeneGJB" class="manager_tests" file="/home/dasscheman/svn/LOVD3_development/trunk/tests/phpunit_selenium/managerTest.php" line="119" assertions="3" time="6.068443"/>
      <testcase name="testCreateUserSubmitter" class="manager_tests" file="/home/dasscheman/svn/LOVD3_development/trunk/tests/phpunit_selenium/managerTest.php" line="139" assertions="1" time="0.975034"/>
      <testcase name="testCreateUserCurator" class="manager_tests" file="/home/dasscheman/svn/LOVD3_development/trunk/tests/phpunit_selenium/managerTest.php" line="159" assertions="1" time="0.866820"/>
      <testcase name="testMakeUserCuratorGJB" class="manager_tests" file="/home/dasscheman/svn/LOVD3_development/trunk/tests/phpunit_selenium/managerTest.php" line="179" assertions="1" time="0.555387"/>
      <testcase name="testCreateDiseaseCMT" class="manager_tests" file="/home/dasscheman/svn/LOVD3_development/trunk/tests/phpunit_selenium/managerTest.php" line="188" assertions="3" time="3.917476"/>
      <testcase name="testCreateIndividualDiagnosedWithCMT" class="manager_tests" file="/home/dasscheman/svn/LOVD3_development/trunk/tests/phpunit_selenium/managerTest.php" line="203" assertions="3" time="4.472326"/>
      <testcase name="testAddPhenotypeInfoToCMTIndividual" class="manager_tests" file="/home/dasscheman/svn/LOVD3_development/trunk/tests/phpunit_selenium/managerTest.php" line="224" assertions="3" time="4.396166"/>
      <testcase name="testAddScreeningToCMTIndividual" class="manager_tests" file="/home/dasscheman/svn/LOVD3_development/trunk/tests/phpunit_selenium/managerTest.php" line="239" assertions="3" time="4.416008"/>
      <testcase name="testAddVariantLocatedWithinGeneToCMTIndividual" class="manager_tests" file="/home/dasscheman/svn/LOVD3_development/trunk/tests/phpunit_selenium/managerTest.php" line="258" assertions="7" time="8.615891"/>
      <testcase name="testAddVariantOnlyDescribedOnGenomicLevelToCMTIndividual" class="manager_tests" file="/home/dasscheman/svn/LOVD3_development/trunk/tests/phpunit_selenium/managerTest.php" line="294" assertions="4" time="4.236608"/>
      <testcase name="testConfirmVariantToCMTIndividual" class="manager_tests" file="/home/dasscheman/svn/LOVD3_development/trunk/tests/phpunit_selenium/managerTest.php" line="318" assertions="9" time="12.026904"/>
      <testcase name="testAddSeatlleseqFileToCMTIndividual" class="manager_tests" file="/home/dasscheman/svn/LOVD3_development/trunk/tests/phpunit_selenium/managerTest.php" line="355" assertions="3" time="62.323085">
        <error type="PHPUnit_Framework_Error">manager_tests::testAddSeatlleseqFileToCMTIndividual
Current URL: http://localhost/svn/LOVD3/trunk/src/variants/upload?create&amp;type=SeattleSeq&amp;target=0000000002
Screenshot: trunk/tests/test_results/error_screenshots/b3a849e0c4f09a7b2f96cf55cb998288.png

timeout

</error>
      </testcase>
      <testcase name="testAddVcfFileToCMTIndividual" class="manager_tests" file="/home/dasscheman/svn/LOVD3_development/trunk/tests/phpunit_selenium/managerTest.php" line="389" assertions="1" time="4.824225">
        <error type="PHPUnit_Framework_Error">manager_tests::testAddVcfFileToCMTIndividual
Current URL: http://localhost:4444/selenium-server/core/Blank.html?start=true
Screenshot: trunk/tests/test_results/error_screenshots/a7cbeb6a88056c21aa88b01a4d1e54aa.png

Failed asserting that false is true.

</error>
      </testcase>
      <testcase name="testFinishIndividualDiagnosedWithCMT" class="manager_tests" file="/home/dasscheman/svn/LOVD3_development/trunk/tests/phpunit_selenium/managerTest.php" line="472" assertions="1" time="4.703988">
        <error type="PHPUnit_Framework_Error">manager_tests::testFinishIndividualDiagnosedWithCMT
Current URL: http://localhost/svn/LOVD3/trunk/src/submit/screening/0000000002
Screenshot: trunk/tests/test_results/error_screenshots/1f530ff73e3212b905abc6c5aacc8257.png

Invalid response while accessing the Selenium Server at 'http://localhost:4444/selenium-server/driver/': ERROR: Element //tr[3]/td[2]/b not found

</error>
      </testcase>
      <testcase name="testAddSummaryVariantLocatedWithinGene" class="manager_tests" file="/home/dasscheman/svn/LOVD3_development/trunk/tests/phpunit_selenium/managerTest.php" line="482" assertions="0" time="4.458893">
        <error type="PHPUnit_Framework_Error">manager_tests::testAddSummaryVariantLocatedWithinGene
Current URL: http://localhost:4444/selenium-server/core/Blank.html?start=true
Screenshot: trunk/tests/test_results/error_screenshots/69ff98f1750715e662f800445d44cfa7.png

Invalid response while accessing the Selenium Server at 'http://localhost:4444/selenium-server/driver/': ERROR: Element id=tab_submit not found

</error>
      </testcase>
      <testcase name="testAddSummaryVariantOnlyDescribedOnGenomicLevel" class="manager_tests" file="/home/dasscheman/svn/LOVD3_development/trunk/tests/phpunit_selenium/managerTest.php" line="533" assertions="1" time="4.260499">
        <error type="PHPUnit_Framework_Error">manager_tests::testAddSummaryVariantOnlyDescribedOnGenomicLevel
Current URL: http://localhost:4444/selenium-server/core/Blank.html?start=true
Screenshot: trunk/tests/test_results/error_screenshots/1bb3184a748cea03579fed05dc44362b.png

Failed asserting that false is true.

</error>
      </testcase>
      <testcase name="testAddSummaryVariantSeatlleseqFile" class="manager_tests" file="/home/dasscheman/svn/LOVD3_development/trunk/tests/phpunit_selenium/managerTest.php" line="562" assertions="1" time="4.357094">
        <error type="PHPUnit_Framework_Error">manager_tests::testAddSummaryVariantSeatlleseqFile
Current URL: http://localhost:4444/selenium-server/core/Blank.html?start=true
Screenshot: trunk/tests/test_results/error_screenshots/1b672aff0be139bf462eb48206b55d70.png

Failed asserting that false is true.

</error>
      </testcase>
      <testcase name="testAddSummaryVariantVcfFile" class="manager_tests" file="/home/dasscheman/svn/LOVD3_development/trunk/tests/phpunit_selenium/managerTest.php" line="600" assertions="0" time="4.428494">
        <error type="PHPUnit_Framework_Error">manager_tests::testAddSummaryVariantVcfFile
Current URL: http://localhost:4444/selenium-server/core/Blank.html?start=true
Screenshot: trunk/tests/test_results/error_screenshots/62fbe904286d817653ffdafd8edfbce5.png

Invalid response while accessing the Selenium Server at 'http://localhost:4444/selenium-server/driver/': ERROR: Element id=tab_submit not found

</error>
      </testcase>
      <testcase name="testPostFinishAddVariantOnlyDescribedOnGenomicLevelToCMTIndividual" class="manager_tests" file="/home/dasscheman/svn/LOVD3_development/trunk/tests/phpunit_selenium/managerTest.php" line="686" assertions="1" time="4.862788">
        <error type="PHPUnit_Framework_Error">manager_tests::testPostFinishAddVariantOnlyDescribedOnGenomicLevelToCMTIndividual
Current URL: http://localhost/svn/LOVD3/trunk/src/screenings
Screenshot: trunk/tests/test_results/error_screenshots/d229ff41e29a6a7a08de1d583815b45e.png

Failed asserting that false is true.

</error>
      </testcase>
      <testcase name="testPostFinishAddVariantLocatedWithinGeneToCMTIndividual" class="manager_tests" file="/home/dasscheman/svn/LOVD3_development/trunk/tests/phpunit_selenium/managerTest.php" line="717" assertions="1" time="4.327812">
        <error type="PHPUnit_Framework_Error">manager_tests::testPostFinishAddVariantLocatedWithinGeneToCMTIndividual
Current URL: http://localhost:4444/selenium-server/core/Blank.html?start=true
Screenshot: trunk/tests/test_results/error_screenshots/1099a14184a5a3a2bbc3cc32e3b310c5.png

Failed asserting that false is true.

</error>
      </testcase>
      <testcase name="testPostFinishAddScreeningToCMTIndividual" class="manager_tests" file="/home/dasscheman/svn/LOVD3_development/trunk/tests/phpunit_selenium/managerTest.php" line="760" assertions="1" time="4.350444">
        <error type="PHPUnit_Framework_Error">manager_tests::testPostFinishAddScreeningToCMTIndividual
Current URL: http://localhost:4444/selenium-server/core/Blank.html?start=true
Screenshot: trunk/tests/test_results/error_screenshots/4bc13a90c1be079bd4201ef67e035063.png

Failed asserting that false is true.

</error>
      </testcase>
      <testcase name="testPostFinishAddPhenotypeInfoToCMTIndividual" class="manager_tests" file="/home/dasscheman/svn/LOVD3_development/trunk/tests/phpunit_selenium/managerTest.php" line="786" assertions="1" time="4.332561">
        <error type="PHPUnit_Framework_Error">manager_tests::testPostFinishAddPhenotypeInfoToCMTIndividual
Current URL: http://localhost:4444/selenium-server/core/Blank.html?start=true
Screenshot: trunk/tests/test_results/error_screenshots/1695b7e2d0e96b638a929d8bc01a7dd3.png

Failed asserting that false is true.

</error>
      </testcase>
      <testcase name="testDeleteGeneGJB" class="manager_tests" file="/home/dasscheman/svn/LOVD3_development/trunk/tests/phpunit_selenium/managerTest.php" line="809" assertions="1" time="4.329683">
        <error type="PHPUnit_Framework_Error">manager_tests::testDeleteGeneGJB
Current URL: http://localhost:4444/selenium-server/core/Blank.html?start=true
Screenshot: trunk/tests/test_results/error_screenshots/20f436ad063b6d88958f003755fadc18.png

Failed asserting that false is true.

</error>
      </testcase>
      <testcase name="testUninstallLOVD" class="manager_tests" file="/home/dasscheman/svn/LOVD3_development/trunk/tests/phpunit_selenium/managerTest.php" line="826" assertions="1" time="6.842992"/>
    </testsuite>
    <testsuite name="submitter_tests" file="/home/dasscheman/svn/LOVD3_development/trunk/tests/phpunit_selenium/submitterTest.php" tests="27" assertions="90" failures="0" errors="0" time="94.864304">
      <testcase name="testInstallLOVD" class="submitter_tests" file="/home/dasscheman/svn/LOVD3_development/trunk/tests/phpunit_selenium/submitterTest.php" line="45" assertions="1" time="13.647123"/>
      <testcase name="testCreateGeneGJB" class="submitter_tests" file="/home/dasscheman/svn/LOVD3_development/trunk/tests/phpunit_selenium/submitterTest.php" line="84" assertions="3" time="6.097297"/>
      <testcase name="testCreateUserSubmitter" class="submitter_tests" file="/home/dasscheman/svn/LOVD3_development/trunk/tests/phpunit_selenium/submitterTest.php" line="104" assertions="1" time="0.811245"/>
      <testcase name="testLoginAsSubmitter" class="submitter_tests" file="/home/dasscheman/svn/LOVD3_development/trunk/tests/phpunit_selenium/submitterTest.php" line="124" assertions="1" time="0.654071"/>
      <testcase name="testCreateUserSubmitter2" class="submitter_tests" file="/home/dasscheman/svn/LOVD3_development/trunk/tests/phpunit_selenium/submitterTest.php" line="134" assertions="1" time="0.200920"/>
      <testcase name="testCreateDiseaseCMT" class="submitter_tests" file="/home/dasscheman/svn/LOVD3_development/trunk/tests/phpunit_selenium/submitterTest.php" line="139" assertions="6" time="5.400040"/>
      <testcase name="testCreateIndividualDiagnosedWithCMT" class="submitter_tests" file="/home/dasscheman/svn/LOVD3_development/trunk/tests/phpunit_selenium/submitterTest.php" line="170" assertions="2" time="3.834176"/>
      <testcase name="testAddPhenotypeInfoToCMTIndividual" class="submitter_tests" file="/home/dasscheman/svn/LOVD3_development/trunk/tests/phpunit_selenium/submitterTest.php" line="185" assertions="3" time="3.826178"/>
      <testcase name="testAddScreeningToCMTIndividual" class="submitter_tests" file="/home/dasscheman/svn/LOVD3_development/trunk/tests/phpunit_selenium/submitterTest.php" line="198" assertions="3" time="3.775918"/>
      <testcase name="testAddVariantLocatedWithinGeneToCMTIndividual" class="submitter_tests" file="/home/dasscheman/svn/LOVD3_development/trunk/tests/phpunit_selenium/submitterTest.php" line="216" assertions="7" time="7.628695"/>
      <testcase name="testAddVariantOnlyDescribedOnGenomicLevelToCMTIndividual" class="submitter_tests" file="/home/dasscheman/svn/LOVD3_development/trunk/tests/phpunit_selenium/submitterTest.php" line="248" assertions="4" time="4.191034"/>
      <testcase name="testConfirmVariantToCMTIndividual" class="submitter_tests" file="/home/dasscheman/svn/LOVD3_development/trunk/tests/phpunit_selenium/submitterTest.php" line="269" assertions="9" time="11.782307"/>
      <testcase name="testAddSeatlleseqFileToCMTIndividual" class="submitter_tests" file="/home/dasscheman/svn/LOVD3_development/trunk/tests/phpunit_selenium/submitterTest.php" line="305" assertions="1" time="0.224560"/>
      <testcase name="testAddVcfFileToCMTIndividual" class="submitter_tests" file="/home/dasscheman/svn/LOVD3_development/trunk/tests/phpunit_selenium/submitterTest.php" line="310" assertions="1" time="0.195557"/>
      <testcase name="testFinishIndividualDiagnosedWithCMT" class="submitter_tests" file="/home/dasscheman/svn/LOVD3_development/trunk/tests/phpunit_selenium/submitterTest.php" line="315" assertions="3" time="3.683955"/>
      <testcase name="testAddSummaryVariantLocatedWithinGene" class="submitter_tests" file="/home/dasscheman/svn/LOVD3_development/trunk/tests/phpunit_selenium/submitterTest.php" line="325" assertions="1" time="0.238215"/>
      <testcase name="testAddSummaryVariantOnlyDescribedOnGenomicLevel" class="submitter_tests" file="/home/dasscheman/svn/LOVD3_development/trunk/tests/phpunit_selenium/submitterTest.php" line="330" assertions="1" time="0.201268"/>
      <testcase name="testAddSummaryVariantSeatlleseqFile" class="submitter_tests" file="/home/dasscheman/svn/LOVD3_development/trunk/tests/phpunit_selenium/submitterTest.php" line="335" assertions="1" time="0.198655"/>
      <testcase name="testAddSummaryVariantVcfFile" class="submitter_tests" file="/home/dasscheman/svn/LOVD3_development/trunk/tests/phpunit_selenium/submitterTest.php" line="340" assertions="1" time="0.234231"/>
      <testcase name="testLoginAsAdmin" class="submitter_tests" file="/home/dasscheman/svn/LOVD3_development/trunk/tests/phpunit_selenium/submitterTest.php" line="345" assertions="1" time="0.724460"/>
      <testcase name="testCurateSubmittedData" class="submitter_tests" file="/home/dasscheman/svn/LOVD3_development/trunk/tests/phpunit_selenium/submitterTest.php" line="355" assertions="11" time="2.390398"/>
      <testcase name="testPostFinishAddVariantOnlyDescribedOnGenomicLevelToCMTIndividual" class="submitter_tests" file="/home/dasscheman/svn/LOVD3_development/trunk/tests/phpunit_selenium/submitterTest.php" line="388" assertions="6" time="5.676110"/>
      <testcase name="testPostFinishAddVariantLocatedWithinGeneToCMTIndividual" class="submitter_tests" file="/home/dasscheman/svn/LOVD3_development/trunk/tests/phpunit_selenium/submitterTest.php" line="423" assertions="9" time="8.106128"/>
      <testcase name="testPostFinishAddScreeningToCMTIndividual" class="submitter_tests" file="/home/dasscheman/svn/LOVD3_development/trunk/tests/phpunit_selenium/submitterTest.php" line="462" assertions="5" time="4.314081"/>
      <testcase name="testPostFinishAddPhenotypeInfoToCMTIndividual" class="submitter_tests" file="/home/dasscheman/svn/LOVD3_development/trunk/tests/phpunit_selenium/submitterTest.php" line="487" assertions="6" time="4.444889"/>
      <testcase name="testDeleteGeneGJB" class="submitter_tests" file="/home/dasscheman/svn/LOVD3_development/trunk/tests/phpunit_selenium/submitterTest.php" line="508" assertions="1" time="0.217271"/>
      <testcase name="testUninstallLOVD" class="submitter_tests" file="/home/dasscheman/svn/LOVD3_development/trunk/tests/phpunit_selenium/submitterTest.php" line="513" assertions="1" time="2.165521"/>
    </testsuite>
    <testsuite name="temp_tests" file="/home/dasscheman/svn/LOVD3_development/trunk/tests/phpunit_selenium/tempTest.php" tests="9" assertions="33" failures="0" errors="0" time="53.890576">
      <testcase name="testInstallLOVD" class="temp_tests" file="/home/dasscheman/svn/LOVD3_development/trunk/tests/phpunit_selenium/tempTest.php" line="45" assertions="7" time="13.821547"/>
      <testcase name="testCreateGeneIVD" class="temp_tests" file="/home/dasscheman/svn/LOVD3_development/trunk/tests/phpunit_selenium/tempTest.php" line="90" assertions="1" time="5.233042"/>
      <testcase name="testCreateDiseaseIVA" class="temp_tests" file="/home/dasscheman/svn/LOVD3_development/trunk/tests/phpunit_selenium/tempTest.php" line="110" assertions="1" time="0.636054"/>
      <testcase name="testCreateIndividualDiagnosedWithIVA" class="temp_tests" file="/home/dasscheman/svn/LOVD3_development/trunk/tests/phpunit_selenium/tempTest.php" line="121" assertions="2" time="4.224680"/>
      <testcase name="testAddPhenotypeInfoToIVAIndividual" class="temp_tests" file="/home/dasscheman/svn/LOVD3_development/trunk/tests/phpunit_selenium/tempTest.php" line="140" assertions="3" time="3.908778"/>
      <testcase name="testAddScreeningToIVAIndividual" class="temp_tests" file="/home/dasscheman/svn/LOVD3_development/trunk/tests/phpunit_selenium/tempTest.php" line="155" assertions="3" time="3.908597"/>
      <testcase name="testAddVariantLocatedWithinGeneToIVAIndividual" class="temp_tests" file="/home/dasscheman/svn/LOVD3_development/trunk/tests/phpunit_selenium/tempTest.php" line="174" assertions="7" time="8.539531"/>
      <testcase name="testConfirmVariantToIVAIndividual" class="temp_tests" file="/home/dasscheman/svn/LOVD3_development/trunk/tests/phpunit_selenium/tempTest.php" line="210" assertions="8" time="11.336529"/>
      <testcase name="testUninstallLOVD" class="temp_tests" file="/home/dasscheman/svn/LOVD3_development/trunk/tests/phpunit_selenium/tempTest.php" line="248" assertions="1" time="2.281818"/>
    </testsuite>
  </testsuite>
</testsuites>
