<?xml version="1.0" encoding="UTF-8"?>
<testsuites>
  <testsuite name="/home/dasscheman/svn/LOVD3_development/trunk/tests/phpunit_selenium/" tests="2" assertions="0" failures="0" errors="2" time="11.567197">
    <testsuite name="admin_tests" file="/home/dasscheman/svn/LOVD3_development/trunk/tests/phpunit_selenium/adminTest.php" tests="2" assertions="0" failures="0" errors="2" time="11.567197">
      <testcase name="testInstallLOVD" class="admin_tests" file="/home/dasscheman/svn/LOVD3_development/trunk/tests/phpunit_selenium/adminTest.php" line="45" assertions="0" time="6.114400">
        <error type="PHPUnit_Framework_Error">admin_tests::testInstallLOVD
Current URL: http://localhost/svn/LOVD3_development/trunk/src/install/
Screenshot: trunk/tests/test_results/error_screenshots/7d763340c014ece08370fd9ae74a2bff.png

Invalid response while accessing the Selenium Server at 'http://localhost:4444/selenium-server/driver/': ERROR: Element css=input[type="submit"] not found

</error>
      </testcase>
      <testcase name="testCreateGeneIVD" class="admin_tests" file="/home/dasscheman/svn/LOVD3_development/trunk/tests/phpunit_selenium/adminTest.php" line="90" assertions="0" time="5.452797">
        <error type="PHPUnit_Framework_Error">admin_tests::testCreateGeneIVD
Issues while capturing the screenshot:
CURL error while accessing the Selenium Server at 'http://localhost:4444/selenium-server/driver/': Failed to connect to localhost port 4444: Connection refused
CURL error while accessing the Selenium Server at 'http://localhost:4444/selenium-server/driver/': Empty reply from server

</error>
      </testcase>
    </testsuite>
    <testsuite name="authorization_tests" file="/home/dasscheman/svn/LOVD3_development/trunk/tests/phpunit_selenium/authorizationTest.php" tests="0" assertions="0" failures="0" errors="0" time="0.000000"/>
    <testsuite name="collaborator_tests" file="/home/dasscheman/svn/LOVD3_development/trunk/tests/phpunit_selenium/collaboratorTest.php" tests="0" assertions="0" failures="0" errors="0" time="0.000000"/>
    <testsuite name="curator_tests" file="/home/dasscheman/svn/LOVD3_development/trunk/tests/phpunit_selenium/curatorTest.php" tests="0" assertions="0" failures="0" errors="0" time="0.000000"/>
    <testsuite name="import_tests" file="/home/dasscheman/svn/LOVD3_development/trunk/tests/phpunit_selenium/importTest.php" tests="0" assertions="0" failures="0" errors="0" time="0.000000"/>
    <testsuite name="manager_tests" file="/home/dasscheman/svn/LOVD3_development/trunk/tests/phpunit_selenium/managerTest.php" tests="0" assertions="0" failures="0" errors="0" time="0.000000"/>
    <testsuite name="submitter_tests" file="/home/dasscheman/svn/LOVD3_development/trunk/tests/phpunit_selenium/submitterTest.php" tests="0" assertions="0" failures="0" errors="0" time="0.000000"/>
    <testsuite name="temp_tests" file="/home/dasscheman/svn/LOVD3_development/trunk/tests/phpunit_selenium/tempTest.php" tests="0" assertions="0" failures="0" errors="0" time="0.000000"/>
  </testsuite>
</testsuites>
