<?xml version="1.0" encoding="UTF-8"?>
<testsuites>
  <testsuite name="temp_tests" file="/home/dasscheman/svn/LOVD3_development/trunk/tests/phpunit_selenium/tempTest.php" tests="9" assertions="4" failures="0" errors="8" time="46.508963">
    <testcase name="testInstallLOVD" class="temp_tests" file="/home/dasscheman/svn/LOVD3_development/trunk/tests/phpunit_selenium/tempTest.php" line="45" assertions="0" time="5.994387">
      <error type="PHPUnit_Framework_Error">temp_tests::testInstallLOVD
Current URL: http://localhost/svn/LOVD3_development/trunk/src/install/
Screenshot: trunk/tests/test_results/error_screenshots/9839fe1e7034217efdaaaf4b85061d82.png

Invalid response while accessing the Selenium Server at 'http://localhost:4444/selenium-server/driver/': ERROR: Element css=input[type="submit"] not found

</error>
    </testcase>
    <testcase name="testCreateGeneIVD" class="temp_tests" file="/home/dasscheman/svn/LOVD3_development/trunk/tests/phpunit_selenium/tempTest.php" line="90" assertions="0" time="6.348412">
      <error type="PHPUnit_Framework_Error">temp_tests::testCreateGeneIVD
Current URL: http://localhost/svn/LOVD3_development/trunk/src/genes?create
Screenshot: trunk/tests/test_results/error_screenshots/4cf184ec9d7334287badfb8894fe9b5c.png

Invalid response while accessing the Selenium Server at 'http://localhost:4444/selenium-server/driver/': ERROR: Element name=active_transcripts[] not found

</error>
    </testcase>
    <testcase name="testCreateDiseaseIVA" class="temp_tests" file="/home/dasscheman/svn/LOVD3_development/trunk/tests/phpunit_selenium/tempTest.php" line="110" assertions="0" time="4.664285">
      <error type="PHPUnit_Framework_Error">temp_tests::testCreateDiseaseIVA
Current URL: http://localhost/svn/LOVD3_development/trunk/src/diseases?create
Screenshot: trunk/tests/test_results/error_screenshots/a62d66fb9a62eae2ed90a69cb1f37619.png

Invalid response while accessing the Selenium Server at 'http://localhost:4444/selenium-server/driver/': ERROR: Element name=symbol not found

</error>
    </testcase>
    <testcase name="testCreateIndividualDiagnosedWithIVA" class="temp_tests" file="/home/dasscheman/svn/LOVD3_development/trunk/tests/phpunit_selenium/tempTest.php" line="121" assertions="0" time="4.600032">
      <error type="PHPUnit_Framework_Error">temp_tests::testCreateIndividualDiagnosedWithIVA
Current URL: http://localhost/svn/LOVD3_development/trunk/src/submit
Screenshot: trunk/tests/test_results/error_screenshots/4346af0f31332acac5984dda9a90f8bd.png

Invalid response while accessing the Selenium Server at 'http://localhost:4444/selenium-server/driver/': ERROR: Element //div/table/tbody/tr/td/table/tbody/tr/td[2]/b not found

</error>
    </testcase>
    <testcase name="testAddPhenotypeInfoToIVAIndividual" class="temp_tests" file="/home/dasscheman/svn/LOVD3_development/trunk/tests/phpunit_selenium/tempTest.php" line="140" assertions="1" time="4.273399">
      <error type="PHPUnit_Framework_Error">temp_tests::testAddPhenotypeInfoToIVAIndividual
Current URL: http://localhost:4444/selenium-server/core/Blank.html?start=true
Screenshot: trunk/tests/test_results/error_screenshots/5ff754342040a2971aa5678e51803624.png

Failed asserting that false is true.

</error>
    </testcase>
    <testcase name="testAddScreeningToIVAIndividual" class="temp_tests" file="/home/dasscheman/svn/LOVD3_development/trunk/tests/phpunit_selenium/tempTest.php" line="155" assertions="1" time="4.430404">
      <error type="PHPUnit_Framework_Error">temp_tests::testAddScreeningToIVAIndividual
Current URL: http://localhost:4444/selenium-server/core/Blank.html?start=true
Screenshot: trunk/tests/test_results/error_screenshots/23517c09389b7202028eb7f43c67539b.png

Failed asserting that false is true.

</error>
    </testcase>
    <testcase name="testAddVariantLocatedWithinGeneToIVAIndividual" class="temp_tests" file="/home/dasscheman/svn/LOVD3_development/trunk/tests/phpunit_selenium/tempTest.php" line="174" assertions="1" time="4.471658">
      <error type="PHPUnit_Framework_Error">temp_tests::testAddVariantLocatedWithinGeneToIVAIndividual
Current URL: http://localhost:4444/selenium-server/core/Blank.html?start=true
Screenshot: trunk/tests/test_results/error_screenshots/6d85136cf699ba88cfb1c33fa1f11c97.png

Failed asserting that false is true.

</error>
    </testcase>
    <testcase name="testConfirmVariantToIVAIndividual" class="temp_tests" file="/home/dasscheman/svn/LOVD3_development/trunk/tests/phpunit_selenium/tempTest.php" line="210" assertions="0" time="4.698339">
      <error type="PHPUnit_Framework_Error">temp_tests::testConfirmVariantToIVAIndividual
Current URL: http://localhost/svn/LOVD3_development/trunk/src/submit/screening/0000000001
Screenshot: trunk/tests/test_results/error_screenshots/3b9d37493adc7ef2cf0abea67f81259b.png

Invalid response while accessing the Selenium Server at 'http://localhost:4444/selenium-server/driver/': ERROR: Element //div/table/tbody/tr/td/table/tbody/tr[2]/td[2]/b not found

</error>
    </testcase>
    <testcase name="testUninstallLOVD" class="temp_tests" file="/home/dasscheman/svn/LOVD3_development/trunk/tests/phpunit_selenium/tempTest.php" line="248" assertions="1" time="7.028047"/>
  </testsuite>
</testsuites>
