<?xml version="1.0" encoding="UTF-8"?>
<testsuites>
  <testsuite name="/home/dasscheman/svn/LOVD3_development/trunk/tests/phpunit_selenium/" tests="178" assertions="580" failures="0" errors="32" time="805.576632">
    <testsuite name="admin_tests" file="/home/dasscheman/svn/LOVD3_development/trunk/tests/phpunit_selenium/adminTest.php" tests="32" assertions="44" failures="0" errors="20" time="212.542524">
      <testcase name="testInstallLOVD" class="admin_tests" file="/home/dasscheman/svn/LOVD3_development/trunk/tests/phpunit_selenium/adminTest.php" line="45" assertions="7" time="20.244719"/>
      <testcase name="testCreateGeneIVD" class="admin_tests" file="/home/dasscheman/svn/LOVD3_development/trunk/tests/phpunit_selenium/adminTest.php" line="90" assertions="1" time="3.969777"/>
      <testcase name="testCreateUserManager" class="admin_tests" file="/home/dasscheman/svn/LOVD3_development/trunk/tests/phpunit_selenium/adminTest.php" line="110" assertions="1" time="0.948684"/>
      <testcase name="testCreateUserCurator" class="admin_tests" file="/home/dasscheman/svn/LOVD3_development/trunk/tests/phpunit_selenium/adminTest.php" line="130" assertions="1" time="0.951568"/>
      <testcase name="testMakeUserCuratorIVD" class="admin_tests" file="/home/dasscheman/svn/LOVD3_development/trunk/tests/phpunit_selenium/adminTest.php" line="150" assertions="1" time="0.600698"/>
      <testcase name="testCreateUserSubmitter" class="admin_tests" file="/home/dasscheman/svn/LOVD3_development/trunk/tests/phpunit_selenium/adminTest.php" line="159" assertions="1" time="0.913467"/>
      <testcase name="testCreateDiseaseIVA" class="admin_tests" file="/home/dasscheman/svn/LOVD3_development/trunk/tests/phpunit_selenium/adminTest.php" line="179" assertions="1" time="0.687782"/>
      <testcase name="testCreateIndividualDiagnosedWithHealtyControl" class="admin_tests" file="/home/dasscheman/svn/LOVD3_development/trunk/tests/phpunit_selenium/adminTest.php" line="190" assertions="2" time="4.488683"/>
      <testcase name="testAddPhenotypeInfoToHealtyIndividual" class="admin_tests" file="/home/dasscheman/svn/LOVD3_development/trunk/tests/phpunit_selenium/adminTest.php" line="209" assertions="3" time="4.043989"/>
      <testcase name="testAddScreeningToHealtyIndividual" class="admin_tests" file="/home/dasscheman/svn/LOVD3_development/trunk/tests/phpunit_selenium/adminTest.php" line="224" assertions="3" time="4.146300"/>
      <testcase name="testAddVariantLocatedWithinGeneToHealtyIndividual" class="admin_tests" file="/home/dasscheman/svn/LOVD3_development/trunk/tests/phpunit_selenium/adminTest.php" line="243" assertions="7" time="7.804823"/>
      <testcase name="testAddSeatlleseqFileToHealtyIndividual" class="admin_tests" file="/home/dasscheman/svn/LOVD3_development/trunk/tests/phpunit_selenium/adminTest.php" line="279" assertions="5" time="74.456420">
        <error type="PHPUnit_Framework_Error">admin_tests::testAddSeatlleseqFileToHealtyIndividual
Current URL: http://localhost/svn/LOVD3_development/trunk/src/variants/upload?create&amp;type=SeattleSeq&amp;target=0000000001
Screenshot: trunk/tests/test_results/error_screenshots/adf6e518cbffaf7b9e5a073520786da6.png

Failed asserting that two strings are equal.
--- Expected
+++ Actual
@@ @@
-'138 variants where imported, 1 variant could not be imported.'
+'138 variants were imported, 1 variant could not be imported.'


</error>
      </testcase>
      <testcase name="testAddVariantOnlyDescribedOnGenomicLevelToHealtyIndividual" class="admin_tests" file="/home/dasscheman/svn/LOVD3_development/trunk/tests/phpunit_selenium/adminTest.php" line="314" assertions="1" time="4.373547">
        <error type="PHPUnit_Framework_Error">admin_tests::testAddVariantOnlyDescribedOnGenomicLevelToHealtyIndividual
Current URL: http://localhost:4444/selenium-server/core/Blank.html?start=true
Screenshot: trunk/tests/test_results/error_screenshots/df44ca1767999030752e2a349af66042.png

Failed asserting that false is true.

</error>
      </testcase>
      <testcase name="testFinishIndividualDiagnosedHealty" class="admin_tests" file="/home/dasscheman/svn/LOVD3_development/trunk/tests/phpunit_selenium/adminTest.php" line="338" assertions="1" time="4.164964">
        <error type="PHPUnit_Framework_Error">admin_tests::testFinishIndividualDiagnosedHealty
Current URL: http://localhost:4444/selenium-server/core/Blank.html?start=true
Screenshot: trunk/tests/test_results/error_screenshots/1f3e9d9482a42c4b094716282913554b.png

Failed asserting that false is true.

</error>
      </testcase>
      <testcase name="testCreateIndividualDiagnosedWithIVA" class="admin_tests" file="/home/dasscheman/svn/LOVD3_development/trunk/tests/phpunit_selenium/adminTest.php" line="345" assertions="0" time="4.536730">
        <error type="PHPUnit_Framework_Error">admin_tests::testCreateIndividualDiagnosedWithIVA
Current URL: http://localhost/svn/LOVD3_development/trunk/src/submit
Screenshot: trunk/tests/test_results/error_screenshots/af005d6593d0568f6c4ece0ffb89b63c.png

Invalid response while accessing the Selenium Server at 'http://localhost:4444/selenium-server/driver/': ERROR: Element //div/table/tbody/tr/td/table/tbody/tr/td[2]/b not found

</error>
      </testcase>
      <testcase name="testAddPhenotypeInfoToIVAIndividual" class="admin_tests" file="/home/dasscheman/svn/LOVD3_development/trunk/tests/phpunit_selenium/adminTest.php" line="364" assertions="1" time="4.193845">
        <error type="PHPUnit_Framework_Error">admin_tests::testAddPhenotypeInfoToIVAIndividual
Current URL: http://localhost:4444/selenium-server/core/Blank.html?start=true
Screenshot: trunk/tests/test_results/error_screenshots/8dd673f6cda17a5442d263b9cad82d83.png

Failed asserting that false is true.

</error>
      </testcase>
      <testcase name="testAddScreeningToIVAIndividual" class="admin_tests" file="/home/dasscheman/svn/LOVD3_development/trunk/tests/phpunit_selenium/adminTest.php" line="379" assertions="1" time="4.296711">
        <error type="PHPUnit_Framework_Error">admin_tests::testAddScreeningToIVAIndividual
Current URL: http://localhost:4444/selenium-server/core/Blank.html?start=true
Screenshot: trunk/tests/test_results/error_screenshots/ac11f7ec41e41c06d4dabb0c0602829a.png

Failed asserting that false is true.

</error>
      </testcase>
      <testcase name="testAddVariantLocatedWithinGeneToIVAIndividual" class="admin_tests" file="/home/dasscheman/svn/LOVD3_development/trunk/tests/phpunit_selenium/adminTest.php" line="398" assertions="1" time="4.187415">
        <error type="PHPUnit_Framework_Error">admin_tests::testAddVariantLocatedWithinGeneToIVAIndividual
Current URL: http://localhost:4444/selenium-server/core/Blank.html?start=true
Screenshot: trunk/tests/test_results/error_screenshots/87596e5a096299076c8931fb87e7326d.png

Failed asserting that false is true.

</error>
      </testcase>
      <testcase name="testAddVariantOnlyDescribedOnGenomicLevelToIVAIndividual" class="admin_tests" file="/home/dasscheman/svn/LOVD3_development/trunk/tests/phpunit_selenium/adminTest.php" line="434" assertions="1" time="4.194155">
        <error type="PHPUnit_Framework_Error">admin_tests::testAddVariantOnlyDescribedOnGenomicLevelToIVAIndividual
Current URL: http://localhost:4444/selenium-server/core/Blank.html?start=true
Screenshot: trunk/tests/test_results/error_screenshots/1c15a8147ec7d979b5e6ef08cf906a30.png

Failed asserting that false is true.

</error>
      </testcase>
      <testcase name="testConfirmVariantToIVAIndividual" class="admin_tests" file="/home/dasscheman/svn/LOVD3_development/trunk/tests/phpunit_selenium/adminTest.php" line="458" assertions="1" time="4.308526">
        <error type="PHPUnit_Framework_Error">admin_tests::testConfirmVariantToIVAIndividual
Current URL: http://localhost:4444/selenium-server/core/Blank.html?start=true
Screenshot: trunk/tests/test_results/error_screenshots/aafd6e45dfc9a7d3d4ff23305deffc11.png

Failed asserting that false is true.

</error>
      </testcase>
      <testcase name="testAddVcfFileToIVAIndividual" class="admin_tests" file="/home/dasscheman/svn/LOVD3_development/trunk/tests/phpunit_selenium/adminTest.php" line="495" assertions="1" time="4.227339">
        <error type="PHPUnit_Framework_Error">admin_tests::testAddVcfFileToIVAIndividual
Current URL: http://localhost:4444/selenium-server/core/Blank.html?start=true
Screenshot: trunk/tests/test_results/error_screenshots/d38884ef01696fa824b3238493a31492.png

Failed asserting that false is true.

</error>
      </testcase>
      <testcase name="testFinishIndividualDiagnosedWithIVA" class="admin_tests" file="/home/dasscheman/svn/LOVD3_development/trunk/tests/phpunit_selenium/adminTest.php" line="545" assertions="0" time="4.704084">
        <error type="PHPUnit_Framework_Error">admin_tests::testFinishIndividualDiagnosedWithIVA
Current URL: http://localhost/svn/LOVD3_development/trunk/src/submit/screening/0000000002
Screenshot: trunk/tests/test_results/error_screenshots/0fe5806ebcfdcdb49bfe9d5172590c5e.png

Invalid response while accessing the Selenium Server at 'http://localhost:4444/selenium-server/driver/': ERROR: Element //tr[3]/td[2]/b not found

</error>
      </testcase>
      <testcase name="testAddSummaryVariantLocatedWithinGene" class="admin_tests" file="/home/dasscheman/svn/LOVD3_development/trunk/tests/phpunit_selenium/adminTest.php" line="554" assertions="0" time="4.169413">
        <error type="PHPUnit_Framework_Error">admin_tests::testAddSummaryVariantLocatedWithinGene
Current URL: http://localhost:4444/selenium-server/core/Blank.html?start=true
Screenshot: trunk/tests/test_results/error_screenshots/dbb1b42a17959ec0f1df5732ddd97551.png

Invalid response while accessing the Selenium Server at 'http://localhost:4444/selenium-server/driver/': ERROR: Element link=Submit new data not found

</error>
      </testcase>
      <testcase name="testAddSummaryVariantOnlyDescribedOnGenomicLevel" class="admin_tests" file="/home/dasscheman/svn/LOVD3_development/trunk/tests/phpunit_selenium/adminTest.php" line="605" assertions="1" time="4.106237">
        <error type="PHPUnit_Framework_Error">admin_tests::testAddSummaryVariantOnlyDescribedOnGenomicLevel
Current URL: http://localhost:4444/selenium-server/core/Blank.html?start=true
Screenshot: trunk/tests/test_results/error_screenshots/6ff6a2f05bc1dbae2982f44767434920.png

Failed asserting that false is true.

</error>
      </testcase>
      <testcase name="testAddSummaryVariantSeatlleseqFile" class="admin_tests" file="/home/dasscheman/svn/LOVD3_development/trunk/tests/phpunit_selenium/adminTest.php" line="635" assertions="0" time="4.198874">
        <error type="PHPUnit_Framework_Error">admin_tests::testAddSummaryVariantSeatlleseqFile
Current URL: http://localhost:4444/selenium-server/core/Blank.html?start=true
Screenshot: trunk/tests/test_results/error_screenshots/f2fd1a37e099f76eef094b25044d40f9.png

Invalid response while accessing the Selenium Server at 'http://localhost:4444/selenium-server/driver/': ERROR: Element link=Submit new data not found

</error>
      </testcase>
      <testcase name="testAddSummaryVariantVcfFile" class="admin_tests" file="/home/dasscheman/svn/LOVD3_development/trunk/tests/phpunit_selenium/adminTest.php" line="673" assertions="0" time="4.356371">
        <error type="PHPUnit_Framework_Error">admin_tests::testAddSummaryVariantVcfFile
Current URL: http://localhost:4444/selenium-server/core/Blank.html?start=true
Screenshot: trunk/tests/test_results/error_screenshots/35f45e4a33f445314e843aeb0846f736.png

Invalid response while accessing the Selenium Server at 'http://localhost:4444/selenium-server/driver/': ERROR: Element link=Submit new data not found

</error>
      </testcase>
      <testcase name="testPostFinishAddVariantOnlyDescribedOnGenomicLevelToIVAIndividual" class="admin_tests" file="/home/dasscheman/svn/LOVD3_development/trunk/tests/phpunit_selenium/adminTest.php" line="766" assertions="1" time="4.875529">
        <error type="PHPUnit_Framework_Error">admin_tests::testPostFinishAddVariantOnlyDescribedOnGenomicLevelToIVAIndividual
Current URL: http://localhost/svn/LOVD3_development/trunk/src/screenings
Screenshot: trunk/tests/test_results/error_screenshots/88f8b89e7c64fce91a76cabaa4537e11.png

Failed asserting that false is true.

</error>
      </testcase>
      <testcase name="testPostFinishAddVariantLocatedWithinGeneToIVAIndividual" class="admin_tests" file="/home/dasscheman/svn/LOVD3_development/trunk/tests/phpunit_selenium/adminTest.php" line="798" assertions="0" time="4.329221">
        <error type="PHPUnit_Framework_Error">admin_tests::testPostFinishAddVariantLocatedWithinGeneToIVAIndividual
Current URL: http://localhost:4444/selenium-server/core/Blank.html?start=true
Screenshot: trunk/tests/test_results/error_screenshots/e28a979a5f291fac9e91f3589eb326eb.png

Invalid response while accessing the Selenium Server at 'http://localhost:4444/selenium-server/driver/': ERROR: Element id=tab_screenings not found

</error>
      </testcase>
      <testcase name="testPostFinishAddScreeningToIVAIndividual" class="admin_tests" file="/home/dasscheman/svn/LOVD3_development/trunk/tests/phpunit_selenium/adminTest.php" line="841" assertions="0" time="4.158966">
        <error type="PHPUnit_Framework_Error">admin_tests::testPostFinishAddScreeningToIVAIndividual
Current URL: http://localhost:4444/selenium-server/core/Blank.html?start=true
Screenshot: trunk/tests/test_results/error_screenshots/4f648ab6ff9738e5abac720217afb156.png

Invalid response while accessing the Selenium Server at 'http://localhost:4444/selenium-server/driver/': ERROR: Element id=tab_individuals not found

</error>
      </testcase>
      <testcase name="testPostFinishAddPhenotypeInfoToIVAIndividual" class="admin_tests" file="/home/dasscheman/svn/LOVD3_development/trunk/tests/phpunit_selenium/adminTest.php" line="867" assertions="0" time="4.339681">
        <error type="PHPUnit_Framework_Error">admin_tests::testPostFinishAddPhenotypeInfoToIVAIndividual
Current URL: http://localhost:4444/selenium-server/core/Blank.html?start=true
Screenshot: trunk/tests/test_results/error_screenshots/e717ad289cf9a24d103ff7a1d559bc7b.png

Invalid response while accessing the Selenium Server at 'http://localhost:4444/selenium-server/driver/': ERROR: Element id=tab_individuals not found

</error>
      </testcase>
      <testcase name="testDeleteGeneIVD" class="admin_tests" file="/home/dasscheman/svn/LOVD3_development/trunk/tests/phpunit_selenium/adminTest.php" line="889" assertions="0" time="4.844820">
        <error type="PHPUnit_Framework_Error">admin_tests::testDeleteGeneIVD
Current URL: http://localhost/svn/LOVD3_development/trunk/src/genes
Screenshot: trunk/tests/test_results/error_screenshots/96f8b23b9a63a0139be70a2991ca8b64.png

Invalid response while accessing the Selenium Server at 'http://localhost:4444/selenium-server/driver/': ERROR: Element id=viewentryOptionsButton_Genes not found

</error>
      </testcase>
      <testcase name="testUninstallLOVD" class="admin_tests" file="/home/dasscheman/svn/LOVD3_development/trunk/tests/phpunit_selenium/adminTest.php" line="905" assertions="1" time="6.719186"/>
    </testsuite>
    <testsuite name="authorization_tests" file="/home/dasscheman/svn/LOVD3_development/trunk/tests/phpunit_selenium/authorizationTest.php" tests="16" assertions="27" failures="0" errors="0" time="33.278721">
      <testcase name="testInstallLOVD" class="authorization_tests" file="/home/dasscheman/svn/LOVD3_development/trunk/tests/phpunit_selenium/authorizationTest.php" line="45" assertions="7" time="14.334959"/>
      <testcase name="testCreateUserManager" class="authorization_tests" file="/home/dasscheman/svn/LOVD3_development/trunk/tests/phpunit_selenium/authorizationTest.php" line="90" assertions="1" time="0.820131"/>
      <testcase name="testCreateUserCurator" class="authorization_tests" file="/home/dasscheman/svn/LOVD3_development/trunk/tests/phpunit_selenium/authorizationTest.php" line="110" assertions="1" time="0.968810"/>
      <testcase name="testCreateUserCollaborator" class="authorization_tests" file="/home/dasscheman/svn/LOVD3_development/trunk/tests/phpunit_selenium/authorizationTest.php" line="130" assertions="1" time="0.818364"/>
      <testcase name="testCreateUserSubmitter" class="authorization_tests" file="/home/dasscheman/svn/LOVD3_development/trunk/tests/phpunit_selenium/authorizationTest.php" line="150" assertions="1" time="0.832814"/>
      <testcase name="testCreateUserOwner" class="authorization_tests" file="/home/dasscheman/svn/LOVD3_development/trunk/tests/phpunit_selenium/authorizationTest.php" line="170" assertions="1" time="0.951237"/>
      <testcase name="testCreateGeneIVD" class="authorization_tests" file="/home/dasscheman/svn/LOVD3_development/trunk/tests/phpunit_selenium/authorizationTest.php" line="190" assertions="1" time="2.782775"/>
      <testcase name="testCreateDiseaseIVA" class="authorization_tests" file="/home/dasscheman/svn/LOVD3_development/trunk/tests/phpunit_selenium/authorizationTest.php" line="204" assertions="1" time="0.801232"/>
      <testcase name="testCreateIndividualDiagnosedWithIVA" class="authorization_tests" file="/home/dasscheman/svn/LOVD3_development/trunk/tests/phpunit_selenium/authorizationTest.php" line="215" assertions="2" time="1.139908"/>
      <testcase name="testAddScreeningToIVAIndividual" class="authorization_tests" file="/home/dasscheman/svn/LOVD3_development/trunk/tests/phpunit_selenium/authorizationTest.php" line="233" assertions="2" time="0.983559"/>
      <testcase name="testAddVariantLocatedWithinGeneToIVAIndividual" class="authorization_tests" file="/home/dasscheman/svn/LOVD3_development/trunk/tests/phpunit_selenium/authorizationTest.php" line="251" assertions="4" time="4.108180"/>
      <testcase name="testAddPhenotypeInfoToIVAIndividual" class="authorization_tests" file="/home/dasscheman/svn/LOVD3_development/trunk/tests/phpunit_selenium/authorizationTest.php" line="279" assertions="1" time="0.761623"/>
      <testcase name="testMakeUserCuratorIVD" class="authorization_tests" file="/home/dasscheman/svn/LOVD3_development/trunk/tests/phpunit_selenium/authorizationTest.php" line="289" assertions="1" time="0.769293"/>
      <testcase name="testMakeUserCollaboratorIVD" class="authorization_tests" file="/home/dasscheman/svn/LOVD3_development/trunk/tests/phpunit_selenium/authorizationTest.php" line="298" assertions="1" time="0.686296"/>
      <testcase name="testAuthorization" class="authorization_tests" file="/home/dasscheman/svn/LOVD3_development/trunk/tests/phpunit_selenium/authorizationTest.php" line="308" assertions="1" time="0.110466"/>
      <testcase name="testUninstallLOVD" class="authorization_tests" file="/home/dasscheman/svn/LOVD3_development/trunk/tests/phpunit_selenium/authorizationTest.php" line="313" assertions="1" time="2.409074"/>
    </testsuite>
    <testsuite name="collaborator_tests" file="/home/dasscheman/svn/LOVD3_development/trunk/tests/phpunit_selenium/collaboratorTest.php" tests="28" assertions="91" failures="0" errors="0" time="100.774084">
      <testcase name="testInstallLOVD" class="collaborator_tests" file="/home/dasscheman/svn/LOVD3_development/trunk/tests/phpunit_selenium/collaboratorTest.php" line="45" assertions="1" time="14.278006"/>
      <testcase name="testCreateGeneGJB" class="collaborator_tests" file="/home/dasscheman/svn/LOVD3_development/trunk/tests/phpunit_selenium/collaboratorTest.php" line="84" assertions="3" time="6.180429"/>
      <testcase name="testCreateUserCollaborator" class="collaborator_tests" file="/home/dasscheman/svn/LOVD3_development/trunk/tests/phpunit_selenium/collaboratorTest.php" line="104" assertions="1" time="0.865257"/>
      <testcase name="testMakeUserCollaboratorGJB" class="collaborator_tests" file="/home/dasscheman/svn/LOVD3_development/trunk/tests/phpunit_selenium/collaboratorTest.php" line="124" assertions="1" time="0.752902"/>
      <testcase name="testLoginAsCollaborator" class="collaborator_tests" file="/home/dasscheman/svn/LOVD3_development/trunk/tests/phpunit_selenium/collaboratorTest.php" line="135" assertions="1" time="0.911158"/>
      <testcase name="testCreateUserSubmitter" class="collaborator_tests" file="/home/dasscheman/svn/LOVD3_development/trunk/tests/phpunit_selenium/collaboratorTest.php" line="145" assertions="1" time="0.232762"/>
      <testcase name="testCreateDiseaseCMT" class="collaborator_tests" file="/home/dasscheman/svn/LOVD3_development/trunk/tests/phpunit_selenium/collaboratorTest.php" line="150" assertions="6" time="5.851892"/>
      <testcase name="testCreateIndividualDiagnosedWithCMT" class="collaborator_tests" file="/home/dasscheman/svn/LOVD3_development/trunk/tests/phpunit_selenium/collaboratorTest.php" line="181" assertions="2" time="3.793983"/>
      <testcase name="testAddPhenotypeInfoToCMTIndividual" class="collaborator_tests" file="/home/dasscheman/svn/LOVD3_development/trunk/tests/phpunit_selenium/collaboratorTest.php" line="196" assertions="3" time="3.852798"/>
      <testcase name="testAddScreeningToCMTIndividual" class="collaborator_tests" file="/home/dasscheman/svn/LOVD3_development/trunk/tests/phpunit_selenium/collaboratorTest.php" line="209" assertions="3" time="3.924297"/>
      <testcase name="testAddVariantLocatedWithinGeneToCMTIndividual" class="collaborator_tests" file="/home/dasscheman/svn/LOVD3_development/trunk/tests/phpunit_selenium/collaboratorTest.php" line="227" assertions="7" time="7.754092"/>
      <testcase name="testAddVariantOnlyDescribedOnGenomicLevelToCMTIndividual" class="collaborator_tests" file="/home/dasscheman/svn/LOVD3_development/trunk/tests/phpunit_selenium/collaboratorTest.php" line="259" assertions="4" time="4.259857"/>
      <testcase name="testConfirmVariantToCMTIndividual" class="collaborator_tests" file="/home/dasscheman/svn/LOVD3_development/trunk/tests/phpunit_selenium/collaboratorTest.php" line="280" assertions="9" time="12.350225"/>
      <testcase name="testAddSeatlleseqFileToCMTIndividual" class="collaborator_tests" file="/home/dasscheman/svn/LOVD3_development/trunk/tests/phpunit_selenium/collaboratorTest.php" line="316" assertions="1" time="0.214697"/>
      <testcase name="testAddVcfFileToCMTIndividual" class="collaborator_tests" file="/home/dasscheman/svn/LOVD3_development/trunk/tests/phpunit_selenium/collaboratorTest.php" line="321" assertions="1" time="0.216397"/>
      <testcase name="testFinishIndividualDiagnosedWithCMT" class="collaborator_tests" file="/home/dasscheman/svn/LOVD3_development/trunk/tests/phpunit_selenium/collaboratorTest.php" line="326" assertions="3" time="5.383880"/>
      <testcase name="testAddSummaryVariantLocatedWithinGene" class="collaborator_tests" file="/home/dasscheman/svn/LOVD3_development/trunk/tests/phpunit_selenium/collaboratorTest.php" line="336" assertions="1" time="0.249101"/>
      <testcase name="testAddSummaryVariantOnlyDescribedOnGenomicLevel" class="collaborator_tests" file="/home/dasscheman/svn/LOVD3_development/trunk/tests/phpunit_selenium/collaboratorTest.php" line="341" assertions="1" time="0.215418"/>
      <testcase name="testAddSummaryVariantSeatlleseqFile" class="collaborator_tests" file="/home/dasscheman/svn/LOVD3_development/trunk/tests/phpunit_selenium/collaboratorTest.php" line="346" assertions="1" time="0.217504"/>
      <testcase name="testAddSummaryVariantVcfFile" class="collaborator_tests" file="/home/dasscheman/svn/LOVD3_development/trunk/tests/phpunit_selenium/collaboratorTest.php" line="351" assertions="1" time="0.220138"/>
      <testcase name="testLoginAsAdmin" class="collaborator_tests" file="/home/dasscheman/svn/LOVD3_development/trunk/tests/phpunit_selenium/collaboratorTest.php" line="356" assertions="1" time="0.732028"/>
      <testcase name="testCurateSubmittedData" class="collaborator_tests" file="/home/dasscheman/svn/LOVD3_development/trunk/tests/phpunit_selenium/collaboratorTest.php" line="366" assertions="11" time="2.669811"/>
      <testcase name="testPostFinishAddVariantOnlyDescribedOnGenomicLevelToCMTIndividual" class="collaborator_tests" file="/home/dasscheman/svn/LOVD3_development/trunk/tests/phpunit_selenium/collaboratorTest.php" line="399" assertions="6" time="5.876564"/>
      <testcase name="testPostFinishAddVariantLocatedWithinGeneToCMTIndividual" class="collaborator_tests" file="/home/dasscheman/svn/LOVD3_development/trunk/tests/phpunit_selenium/collaboratorTest.php" line="434" assertions="9" time="8.158206"/>
      <testcase name="testPostFinishAddScreeningToCMTIndividual" class="collaborator_tests" file="/home/dasscheman/svn/LOVD3_development/trunk/tests/phpunit_selenium/collaboratorTest.php" line="473" assertions="5" time="4.454265"/>
      <testcase name="testPostFinishAddPhenotypeInfoToCMTIndividual" class="collaborator_tests" file="/home/dasscheman/svn/LOVD3_development/trunk/tests/phpunit_selenium/collaboratorTest.php" line="498" assertions="6" time="4.500295"/>
      <testcase name="testDeleteGeneGJB" class="collaborator_tests" file="/home/dasscheman/svn/LOVD3_development/trunk/tests/phpunit_selenium/collaboratorTest.php" line="519" assertions="1" time="0.219808"/>
      <testcase name="testUninstallLOVD" class="collaborator_tests" file="/home/dasscheman/svn/LOVD3_development/trunk/tests/phpunit_selenium/collaboratorTest.php" line="524" assertions="1" time="2.438313"/>
    </testsuite>
    <testsuite name="curator_tests" file="/home/dasscheman/svn/LOVD3_development/trunk/tests/phpunit_selenium/curatorTest.php" tests="28" assertions="94" failures="0" errors="0" time="117.279622">
      <testcase name="testInstallLOVD" class="curator_tests" file="/home/dasscheman/svn/LOVD3_development/trunk/tests/phpunit_selenium/curatorTest.php" line="45" assertions="1" time="14.470608"/>
      <testcase name="testCreateGeneGJB" class="curator_tests" file="/home/dasscheman/svn/LOVD3_development/trunk/tests/phpunit_selenium/curatorTest.php" line="84" assertions="3" time="6.212342"/>
      <testcase name="testCreateUserManager" class="curator_tests" file="/home/dasscheman/svn/LOVD3_development/trunk/tests/phpunit_selenium/curatorTest.php" line="105" assertions="1" time="0.952269"/>
      <testcase name="testCreateUserCurator" class="curator_tests" file="/home/dasscheman/svn/LOVD3_development/trunk/tests/phpunit_selenium/curatorTest.php" line="125" assertions="1" time="0.902868"/>
      <testcase name="testMakeUserCuratorGJB" class="curator_tests" file="/home/dasscheman/svn/LOVD3_development/trunk/tests/phpunit_selenium/curatorTest.php" line="145" assertions="1" time="0.599238"/>
      <testcase name="testLoginAsCurator" class="curator_tests" file="/home/dasscheman/svn/LOVD3_development/trunk/tests/phpunit_selenium/curatorTest.php" line="154" assertions="1" time="0.800151"/>
      <testcase name="testCreateUserCurator2" class="curator_tests" file="/home/dasscheman/svn/LOVD3_development/trunk/tests/phpunit_selenium/curatorTest.php" line="164" assertions="1" time="0.251980"/>
      <testcase name="testCreateUserSubmitter" class="curator_tests" file="/home/dasscheman/svn/LOVD3_development/trunk/tests/phpunit_selenium/curatorTest.php" line="169" assertions="1" time="0.247570"/>
      <testcase name="testCreateDiseaseCMT" class="curator_tests" file="/home/dasscheman/svn/LOVD3_development/trunk/tests/phpunit_selenium/curatorTest.php" line="174" assertions="3" time="3.856955"/>
      <testcase name="testCreateIndividualDiagnosedWithCMT" class="curator_tests" file="/home/dasscheman/svn/LOVD3_development/trunk/tests/phpunit_selenium/curatorTest.php" line="189" assertions="3" time="4.073181"/>
      <testcase name="testAddPhenotypeInfoToCMTIndividual" class="curator_tests" file="/home/dasscheman/svn/LOVD3_development/trunk/tests/phpunit_selenium/curatorTest.php" line="210" assertions="3" time="3.880449"/>
      <testcase name="testAddScreeningToCMTIndividual" class="curator_tests" file="/home/dasscheman/svn/LOVD3_development/trunk/tests/phpunit_selenium/curatorTest.php" line="225" assertions="3" time="3.955323"/>
      <testcase name="testAddVariantLocatedWithinGeneToCMTIndividual" class="curator_tests" file="/home/dasscheman/svn/LOVD3_development/trunk/tests/phpunit_selenium/curatorTest.php" line="244" assertions="7" time="7.671533"/>
      <testcase name="testAddVariantOnlyDescribedOnGenomicLevelToCMTIndividual" class="curator_tests" file="/home/dasscheman/svn/LOVD3_development/trunk/tests/phpunit_selenium/curatorTest.php" line="280" assertions="4" time="4.190515"/>
      <testcase name="testConfirmVariantToCMTIndividual" class="curator_tests" file="/home/dasscheman/svn/LOVD3_development/trunk/tests/phpunit_selenium/curatorTest.php" line="304" assertions="9" time="12.052928"/>
      <testcase name="testAddSeatlleseqFileToCMTIndividual" class="curator_tests" file="/home/dasscheman/svn/LOVD3_development/trunk/tests/phpunit_selenium/curatorTest.php" line="341" assertions="1" time="0.225365"/>
      <testcase name="testAddVcfFileToCMTIndividual" class="curator_tests" file="/home/dasscheman/svn/LOVD3_development/trunk/tests/phpunit_selenium/curatorTest.php" line="346" assertions="1" time="0.213234"/>
      <testcase name="testFinishIndividualDiagnosedWithCMT" class="curator_tests" file="/home/dasscheman/svn/LOVD3_development/trunk/tests/phpunit_selenium/curatorTest.php" line="351" assertions="3" time="3.759627"/>
      <testcase name="testAddSummaryVariantLocatedWithinGene" class="curator_tests" file="/home/dasscheman/svn/LOVD3_development/trunk/tests/phpunit_selenium/curatorTest.php" line="361" assertions="8" time="11.602125"/>
      <testcase name="testAddSummaryVariantOnlyDescribedOnGenomicLevel" class="curator_tests" file="/home/dasscheman/svn/LOVD3_development/trunk/tests/phpunit_selenium/curatorTest.php" line="401" assertions="6" time="8.213812"/>
      <testcase name="testAddSummaryVariantSeatlleseqFile" class="curator_tests" file="/home/dasscheman/svn/LOVD3_development/trunk/tests/phpunit_selenium/curatorTest.php" line="427" assertions="1" time="0.243721"/>
      <testcase name="testAddSummaryVariantVcfFile" class="curator_tests" file="/home/dasscheman/svn/LOVD3_development/trunk/tests/phpunit_selenium/curatorTest.php" line="432" assertions="1" time="0.226844"/>
      <testcase name="testPostFinishAddVariantOnlyDescribedOnGenomicLevelToCMTIndividual" class="curator_tests" file="/home/dasscheman/svn/LOVD3_development/trunk/tests/phpunit_selenium/curatorTest.php" line="437" assertions="5" time="4.993572"/>
      <testcase name="testPostFinishAddVariantLocatedWithinGeneToCMTIndividual" class="curator_tests" file="/home/dasscheman/svn/LOVD3_development/trunk/tests/phpunit_selenium/curatorTest.php" line="468" assertions="9" time="8.315261"/>
      <testcase name="testPostFinishAddScreeningToCMTIndividual" class="curator_tests" file="/home/dasscheman/svn/LOVD3_development/trunk/tests/phpunit_selenium/curatorTest.php" line="511" assertions="5" time="4.380386"/>
      <testcase name="testPostFinishAddPhenotypeInfoToCMTIndividual" class="curator_tests" file="/home/dasscheman/svn/LOVD3_development/trunk/tests/phpunit_selenium/curatorTest.php" line="537" assertions="6" time="4.485989"/>
      <testcase name="testDeleteGeneGJB" class="curator_tests" file="/home/dasscheman/svn/LOVD3_development/trunk/tests/phpunit_selenium/curatorTest.php" line="560" assertions="5" time="4.211275"/>
      <testcase name="testUninstallLOVD" class="curator_tests" file="/home/dasscheman/svn/LOVD3_development/trunk/tests/phpunit_selenium/curatorTest.php" line="579" assertions="1" time="2.290500"/>
    </testsuite>
    <testsuite name="import_tests" file="/home/dasscheman/svn/LOVD3_development/trunk/tests/phpunit_selenium/importTest.php" tests="10" assertions="145" failures="0" errors="0" time="29.545957">
      <testcase name="testInstallLOVD" class="import_tests" file="/home/dasscheman/svn/LOVD3_development/trunk/tests/phpunit_selenium/importTest.php" line="45" assertions="7" time="13.932529"/>
      <testcase name="testCreateGeneIVD" class="import_tests" file="/home/dasscheman/svn/LOVD3_development/trunk/tests/phpunit_selenium/importTest.php" line="90" assertions="1" time="3.514069"/>
      <testcase name="testCreateGenderColumn" class="import_tests" file="/home/dasscheman/svn/LOVD3_development/trunk/tests/phpunit_selenium/importTest.php" line="110" assertions="0" time="0.815993"/>
      <testcase name="testCreateDiseaseIVA" class="import_tests" file="/home/dasscheman/svn/LOVD3_development/trunk/tests/phpunit_selenium/importTest.php" line="120" assertions="2" time="1.336212"/>
      <testcase name="testInsertImport" class="import_tests" file="/home/dasscheman/svn/LOVD3_development/trunk/tests/phpunit_selenium/importTest.php" line="139" assertions="1" time="0.586849"/>
      <testcase name="testFalseInsertImport" class="import_tests" file="/home/dasscheman/svn/LOVD3_development/trunk/tests/phpunit_selenium/importTest.php" line="147" assertions="55" time="2.388365"/>
      <testcase name="testFalseUpdateImport" class="import_tests" file="/home/dasscheman/svn/LOVD3_development/trunk/tests/phpunit_selenium/importTest.php" line="211" assertions="72" time="3.401145"/>
      <testcase name="testSecondInsertImport" class="import_tests" file="/home/dasscheman/svn/LOVD3_development/trunk/tests/phpunit_selenium/importTest.php" line="293" assertions="1" time="0.580549"/>
      <testcase name="testUpdateImport" class="import_tests" file="/home/dasscheman/svn/LOVD3_development/trunk/tests/phpunit_selenium/importTest.php" line="302" assertions="5" time="0.633605"/>
      <testcase name="testUninstallLOVD" class="import_tests" file="/home/dasscheman/svn/LOVD3_development/trunk/tests/phpunit_selenium/importTest.php" line="315" assertions="1" time="2.356640"/>
    </testsuite>
    <testsuite name="manager_tests" file="/home/dasscheman/svn/LOVD3_development/trunk/tests/phpunit_selenium/managerTest.php" tests="28" assertions="56" failures="0" errors="12" time="163.463793">
      <testcase name="testInstallLOVD" class="manager_tests" file="/home/dasscheman/svn/LOVD3_development/trunk/tests/phpunit_selenium/managerTest.php" line="45" assertions="1" time="14.148181"/>
      <testcase name="testCreateUserManager" class="manager_tests" file="/home/dasscheman/svn/LOVD3_development/trunk/tests/phpunit_selenium/managerTest.php" line="84" assertions="1" time="0.784167"/>
      <testcase name="testLoginAsManager" class="manager_tests" file="/home/dasscheman/svn/LOVD3_development/trunk/tests/phpunit_selenium/managerTest.php" line="104" assertions="1" time="0.677070"/>
      <testcase name="testCreateUserManager2" class="manager_tests" file="/home/dasscheman/svn/LOVD3_development/trunk/tests/phpunit_selenium/managerTest.php" line="114" assertions="1" time="0.290769"/>
      <testcase name="testCreateGeneGJB" class="manager_tests" file="/home/dasscheman/svn/LOVD3_development/trunk/tests/phpunit_selenium/managerTest.php" line="119" assertions="3" time="6.348264"/>
      <testcase name="testCreateUserSubmitter" class="manager_tests" file="/home/dasscheman/svn/LOVD3_development/trunk/tests/phpunit_selenium/managerTest.php" line="139" assertions="1" time="0.846973"/>
      <testcase name="testCreateUserCurator" class="manager_tests" file="/home/dasscheman/svn/LOVD3_development/trunk/tests/phpunit_selenium/managerTest.php" line="159" assertions="1" time="0.851217"/>
      <testcase name="testMakeUserCuratorGJB" class="manager_tests" file="/home/dasscheman/svn/LOVD3_development/trunk/tests/phpunit_selenium/managerTest.php" line="179" assertions="1" time="0.648820"/>
      <testcase name="testCreateDiseaseCMT" class="manager_tests" file="/home/dasscheman/svn/LOVD3_development/trunk/tests/phpunit_selenium/managerTest.php" line="188" assertions="3" time="3.870356"/>
      <testcase name="testCreateIndividualDiagnosedWithCMT" class="manager_tests" file="/home/dasscheman/svn/LOVD3_development/trunk/tests/phpunit_selenium/managerTest.php" line="203" assertions="3" time="4.133347"/>
      <testcase name="testAddPhenotypeInfoToCMTIndividual" class="manager_tests" file="/home/dasscheman/svn/LOVD3_development/trunk/tests/phpunit_selenium/managerTest.php" line="224" assertions="3" time="3.948454"/>
      <testcase name="testAddScreeningToCMTIndividual" class="manager_tests" file="/home/dasscheman/svn/LOVD3_development/trunk/tests/phpunit_selenium/managerTest.php" line="239" assertions="3" time="3.943743"/>
      <testcase name="testAddVariantLocatedWithinGeneToCMTIndividual" class="manager_tests" file="/home/dasscheman/svn/LOVD3_development/trunk/tests/phpunit_selenium/managerTest.php" line="258" assertions="7" time="7.455580"/>
      <testcase name="testAddVariantOnlyDescribedOnGenomicLevelToCMTIndividual" class="manager_tests" file="/home/dasscheman/svn/LOVD3_development/trunk/tests/phpunit_selenium/managerTest.php" line="294" assertions="4" time="4.312627"/>
      <testcase name="testConfirmVariantToCMTIndividual" class="manager_tests" file="/home/dasscheman/svn/LOVD3_development/trunk/tests/phpunit_selenium/managerTest.php" line="318" assertions="9" time="12.011671"/>
      <testcase name="testAddSeatlleseqFileToCMTIndividual" class="manager_tests" file="/home/dasscheman/svn/LOVD3_development/trunk/tests/phpunit_selenium/managerTest.php" line="355" assertions="4" time="46.036117">
        <error type="PHPUnit_Framework_Error">manager_tests::testAddSeatlleseqFileToCMTIndividual
Current URL: http://localhost/svn/LOVD3_development/trunk/src/variants/upload?create&amp;type=SeattleSeq&amp;target=0000000002
Screenshot: trunk/tests/test_results/error_screenshots/369d9cba2fccc96ddd650e67be5afbcb.png

Failed asserting that two strings are equal.
--- Expected
+++ Actual
@@ @@
-'138 variants where imported, 1 variant could not be imported.'
+'138 variants were imported, 1 variant could not be imported.'


</error>
      </testcase>
      <testcase name="testAddVcfFileToCMTIndividual" class="manager_tests" file="/home/dasscheman/svn/LOVD3_development/trunk/tests/phpunit_selenium/managerTest.php" line="389" assertions="1" time="4.522507">
        <error type="PHPUnit_Framework_Error">manager_tests::testAddVcfFileToCMTIndividual
Current URL: http://localhost:4444/selenium-server/core/Blank.html?start=true
Screenshot: trunk/tests/test_results/error_screenshots/e46df05db6ca7370e96a0707dcc1cdd9.png

Failed asserting that false is true.

</error>
      </testcase>
      <testcase name="testFinishIndividualDiagnosedWithCMT" class="manager_tests" file="/home/dasscheman/svn/LOVD3_development/trunk/tests/phpunit_selenium/managerTest.php" line="472" assertions="1" time="4.362330">
        <error type="PHPUnit_Framework_Error">manager_tests::testFinishIndividualDiagnosedWithCMT
Current URL: http://localhost/svn/LOVD3_development/trunk/src/submit/screening/0000000002
Screenshot: trunk/tests/test_results/error_screenshots/dc2132ce31bb0964f7bcf6c7ee2f0d3a.png

Invalid response while accessing the Selenium Server at 'http://localhost:4444/selenium-server/driver/': ERROR: Element //tr[3]/td[2]/b not found

</error>
      </testcase>
      <testcase name="testAddSummaryVariantLocatedWithinGene" class="manager_tests" file="/home/dasscheman/svn/LOVD3_development/trunk/tests/phpunit_selenium/managerTest.php" line="482" assertions="0" time="4.056585">
        <error type="PHPUnit_Framework_Error">manager_tests::testAddSummaryVariantLocatedWithinGene
Current URL: http://localhost:4444/selenium-server/core/Blank.html?start=true
Screenshot: trunk/tests/test_results/error_screenshots/6a2ec7f99019c2ede5fe4df1cd345a95.png

Invalid response while accessing the Selenium Server at 'http://localhost:4444/selenium-server/driver/': ERROR: Element id=tab_submit not found

</error>
      </testcase>
      <testcase name="testAddSummaryVariantOnlyDescribedOnGenomicLevel" class="manager_tests" file="/home/dasscheman/svn/LOVD3_development/trunk/tests/phpunit_selenium/managerTest.php" line="533" assertions="1" time="4.066980">
        <error type="PHPUnit_Framework_Error">manager_tests::testAddSummaryVariantOnlyDescribedOnGenomicLevel
Current URL: http://localhost:4444/selenium-server/core/Blank.html?start=true
Screenshot: trunk/tests/test_results/error_screenshots/fc922e84c1a466713face378047714a2.png

Failed asserting that false is true.

</error>
      </testcase>
      <testcase name="testAddSummaryVariantSeatlleseqFile" class="manager_tests" file="/home/dasscheman/svn/LOVD3_development/trunk/tests/phpunit_selenium/managerTest.php" line="562" assertions="1" time="4.107407">
        <error type="PHPUnit_Framework_Error">manager_tests::testAddSummaryVariantSeatlleseqFile
Current URL: http://localhost:4444/selenium-server/core/Blank.html?start=true
Screenshot: trunk/tests/test_results/error_screenshots/7a0cf33887cc96e9f190a53775dac10c.png

Failed asserting that false is true.

</error>
      </testcase>
      <testcase name="testAddSummaryVariantVcfFile" class="manager_tests" file="/home/dasscheman/svn/LOVD3_development/trunk/tests/phpunit_selenium/managerTest.php" line="600" assertions="0" time="4.184727">
        <error type="PHPUnit_Framework_Error">manager_tests::testAddSummaryVariantVcfFile
Current URL: http://localhost:4444/selenium-server/core/Blank.html?start=true
Screenshot: trunk/tests/test_results/error_screenshots/01073f283404d5f5383da2e18d245a93.png

Invalid response while accessing the Selenium Server at 'http://localhost:4444/selenium-server/driver/': ERROR: Element id=tab_submit not found

</error>
      </testcase>
      <testcase name="testPostFinishAddVariantOnlyDescribedOnGenomicLevelToCMTIndividual" class="manager_tests" file="/home/dasscheman/svn/LOVD3_development/trunk/tests/phpunit_selenium/managerTest.php" line="686" assertions="1" time="4.729231">
        <error type="PHPUnit_Framework_Error">manager_tests::testPostFinishAddVariantOnlyDescribedOnGenomicLevelToCMTIndividual
Current URL: http://localhost/svn/LOVD3_development/trunk/src/screenings
Screenshot: trunk/tests/test_results/error_screenshots/3d1243ee35e60b81074c78840bf335dd.png

Failed asserting that false is true.

</error>
      </testcase>
      <testcase name="testPostFinishAddVariantLocatedWithinGeneToCMTIndividual" class="manager_tests" file="/home/dasscheman/svn/LOVD3_development/trunk/tests/phpunit_selenium/managerTest.php" line="717" assertions="1" time="4.089661">
        <error type="PHPUnit_Framework_Error">manager_tests::testPostFinishAddVariantLocatedWithinGeneToCMTIndividual
Current URL: http://localhost:4444/selenium-server/core/Blank.html?start=true
Screenshot: trunk/tests/test_results/error_screenshots/bddcffced7cb19ae970317d96186b642.png

Failed asserting that false is true.

</error>
      </testcase>
      <testcase name="testPostFinishAddScreeningToCMTIndividual" class="manager_tests" file="/home/dasscheman/svn/LOVD3_development/trunk/tests/phpunit_selenium/managerTest.php" line="760" assertions="1" time="4.158851">
        <error type="PHPUnit_Framework_Error">manager_tests::testPostFinishAddScreeningToCMTIndividual
Current URL: http://localhost:4444/selenium-server/core/Blank.html?start=true
Screenshot: trunk/tests/test_results/error_screenshots/8188fe2d5f7977f8f1051bb6d4a62f82.png

Failed asserting that false is true.

</error>
      </testcase>
      <testcase name="testPostFinishAddPhenotypeInfoToCMTIndividual" class="manager_tests" file="/home/dasscheman/svn/LOVD3_development/trunk/tests/phpunit_selenium/managerTest.php" line="786" assertions="1" time="4.155219">
        <error type="PHPUnit_Framework_Error">manager_tests::testPostFinishAddPhenotypeInfoToCMTIndividual
Current URL: http://localhost:4444/selenium-server/core/Blank.html?start=true
Screenshot: trunk/tests/test_results/error_screenshots/04682730f75ae4876c7c0375a8a07085.png

Failed asserting that false is true.

</error>
      </testcase>
      <testcase name="testDeleteGeneGJB" class="manager_tests" file="/home/dasscheman/svn/LOVD3_development/trunk/tests/phpunit_selenium/managerTest.php" line="809" assertions="1" time="4.158702">
        <error type="PHPUnit_Framework_Error">manager_tests::testDeleteGeneGJB
Current URL: http://localhost:4444/selenium-server/core/Blank.html?start=true
Screenshot: trunk/tests/test_results/error_screenshots/f12c1643cd6af40f1d8f9281c47269b5.png

Failed asserting that false is true.

</error>
      </testcase>
      <testcase name="testUninstallLOVD" class="manager_tests" file="/home/dasscheman/svn/LOVD3_development/trunk/tests/phpunit_selenium/managerTest.php" line="826" assertions="1" time="6.564237"/>
    </testsuite>
    <testsuite name="submitter_tests" file="/home/dasscheman/svn/LOVD3_development/trunk/tests/phpunit_selenium/submitterTest.php" tests="27" assertions="90" failures="0" errors="0" time="95.313030">
      <testcase name="testInstallLOVD" class="submitter_tests" file="/home/dasscheman/svn/LOVD3_development/trunk/tests/phpunit_selenium/submitterTest.php" line="45" assertions="1" time="14.094289"/>
      <testcase name="testCreateGeneGJB" class="submitter_tests" file="/home/dasscheman/svn/LOVD3_development/trunk/tests/phpunit_selenium/submitterTest.php" line="84" assertions="3" time="6.158742"/>
      <testcase name="testCreateUserSubmitter" class="submitter_tests" file="/home/dasscheman/svn/LOVD3_development/trunk/tests/phpunit_selenium/submitterTest.php" line="104" assertions="1" time="0.785083"/>
      <testcase name="testLoginAsSubmitter" class="submitter_tests" file="/home/dasscheman/svn/LOVD3_development/trunk/tests/phpunit_selenium/submitterTest.php" line="124" assertions="1" time="0.642410"/>
      <testcase name="testCreateUserSubmitter2" class="submitter_tests" file="/home/dasscheman/svn/LOVD3_development/trunk/tests/phpunit_selenium/submitterTest.php" line="134" assertions="1" time="0.206457"/>
      <testcase name="testCreateDiseaseCMT" class="submitter_tests" file="/home/dasscheman/svn/LOVD3_development/trunk/tests/phpunit_selenium/submitterTest.php" line="139" assertions="6" time="5.391927"/>
      <testcase name="testCreateIndividualDiagnosedWithCMT" class="submitter_tests" file="/home/dasscheman/svn/LOVD3_development/trunk/tests/phpunit_selenium/submitterTest.php" line="170" assertions="2" time="3.768905"/>
      <testcase name="testAddPhenotypeInfoToCMTIndividual" class="submitter_tests" file="/home/dasscheman/svn/LOVD3_development/trunk/tests/phpunit_selenium/submitterTest.php" line="185" assertions="3" time="3.875107"/>
      <testcase name="testAddScreeningToCMTIndividual" class="submitter_tests" file="/home/dasscheman/svn/LOVD3_development/trunk/tests/phpunit_selenium/submitterTest.php" line="198" assertions="3" time="3.763331"/>
      <testcase name="testAddVariantLocatedWithinGeneToCMTIndividual" class="submitter_tests" file="/home/dasscheman/svn/LOVD3_development/trunk/tests/phpunit_selenium/submitterTest.php" line="216" assertions="7" time="7.331234"/>
      <testcase name="testAddVariantOnlyDescribedOnGenomicLevelToCMTIndividual" class="submitter_tests" file="/home/dasscheman/svn/LOVD3_development/trunk/tests/phpunit_selenium/submitterTest.php" line="248" assertions="4" time="4.253502"/>
      <testcase name="testConfirmVariantToCMTIndividual" class="submitter_tests" file="/home/dasscheman/svn/LOVD3_development/trunk/tests/phpunit_selenium/submitterTest.php" line="269" assertions="9" time="11.773138"/>
      <testcase name="testAddSeatlleseqFileToCMTIndividual" class="submitter_tests" file="/home/dasscheman/svn/LOVD3_development/trunk/tests/phpunit_selenium/submitterTest.php" line="305" assertions="1" time="0.249315"/>
      <testcase name="testAddVcfFileToCMTIndividual" class="submitter_tests" file="/home/dasscheman/svn/LOVD3_development/trunk/tests/phpunit_selenium/submitterTest.php" line="310" assertions="1" time="0.184474"/>
      <testcase name="testFinishIndividualDiagnosedWithCMT" class="submitter_tests" file="/home/dasscheman/svn/LOVD3_development/trunk/tests/phpunit_selenium/submitterTest.php" line="315" assertions="3" time="3.697275"/>
      <testcase name="testAddSummaryVariantLocatedWithinGene" class="submitter_tests" file="/home/dasscheman/svn/LOVD3_development/trunk/tests/phpunit_selenium/submitterTest.php" line="325" assertions="1" time="0.222055"/>
      <testcase name="testAddSummaryVariantOnlyDescribedOnGenomicLevel" class="submitter_tests" file="/home/dasscheman/svn/LOVD3_development/trunk/tests/phpunit_selenium/submitterTest.php" line="330" assertions="1" time="0.198808"/>
      <testcase name="testAddSummaryVariantSeatlleseqFile" class="submitter_tests" file="/home/dasscheman/svn/LOVD3_development/trunk/tests/phpunit_selenium/submitterTest.php" line="335" assertions="1" time="0.197038"/>
      <testcase name="testAddSummaryVariantVcfFile" class="submitter_tests" file="/home/dasscheman/svn/LOVD3_development/trunk/tests/phpunit_selenium/submitterTest.php" line="340" assertions="1" time="0.198253"/>
      <testcase name="testLoginAsAdmin" class="submitter_tests" file="/home/dasscheman/svn/LOVD3_development/trunk/tests/phpunit_selenium/submitterTest.php" line="345" assertions="1" time="0.679943"/>
      <testcase name="testCurateSubmittedData" class="submitter_tests" file="/home/dasscheman/svn/LOVD3_development/trunk/tests/phpunit_selenium/submitterTest.php" line="355" assertions="11" time="2.436354"/>
      <testcase name="testPostFinishAddVariantOnlyDescribedOnGenomicLevelToCMTIndividual" class="submitter_tests" file="/home/dasscheman/svn/LOVD3_development/trunk/tests/phpunit_selenium/submitterTest.php" line="388" assertions="6" time="5.834446"/>
      <testcase name="testPostFinishAddVariantLocatedWithinGeneToCMTIndividual" class="submitter_tests" file="/home/dasscheman/svn/LOVD3_development/trunk/tests/phpunit_selenium/submitterTest.php" line="423" assertions="9" time="7.899808"/>
      <testcase name="testPostFinishAddScreeningToCMTIndividual" class="submitter_tests" file="/home/dasscheman/svn/LOVD3_development/trunk/tests/phpunit_selenium/submitterTest.php" line="462" assertions="5" time="4.442426"/>
      <testcase name="testPostFinishAddPhenotypeInfoToCMTIndividual" class="submitter_tests" file="/home/dasscheman/svn/LOVD3_development/trunk/tests/phpunit_selenium/submitterTest.php" line="487" assertions="6" time="4.440115"/>
      <testcase name="testDeleteGeneGJB" class="submitter_tests" file="/home/dasscheman/svn/LOVD3_development/trunk/tests/phpunit_selenium/submitterTest.php" line="508" assertions="1" time="0.287015"/>
      <testcase name="testUninstallLOVD" class="submitter_tests" file="/home/dasscheman/svn/LOVD3_development/trunk/tests/phpunit_selenium/submitterTest.php" line="513" assertions="1" time="2.301579"/>
    </testsuite>
    <testsuite name="temp_tests" file="/home/dasscheman/svn/LOVD3_development/trunk/tests/phpunit_selenium/tempTest.php" tests="9" assertions="33" failures="0" errors="0" time="53.378902">
      <testcase name="testInstallLOVD" class="temp_tests" file="/home/dasscheman/svn/LOVD3_development/trunk/tests/phpunit_selenium/tempTest.php" line="45" assertions="7" time="14.458168"/>
      <testcase name="testCreateGeneIVD" class="temp_tests" file="/home/dasscheman/svn/LOVD3_development/trunk/tests/phpunit_selenium/tempTest.php" line="90" assertions="1" time="3.617697"/>
      <testcase name="testCreateDiseaseIVA" class="temp_tests" file="/home/dasscheman/svn/LOVD3_development/trunk/tests/phpunit_selenium/tempTest.php" line="110" assertions="1" time="0.683083"/>
      <testcase name="testCreateIndividualDiagnosedWithIVA" class="temp_tests" file="/home/dasscheman/svn/LOVD3_development/trunk/tests/phpunit_selenium/tempTest.php" line="121" assertions="2" time="4.211775"/>
      <testcase name="testAddPhenotypeInfoToIVAIndividual" class="temp_tests" file="/home/dasscheman/svn/LOVD3_development/trunk/tests/phpunit_selenium/tempTest.php" line="140" assertions="3" time="4.123708"/>
      <testcase name="testAddScreeningToIVAIndividual" class="temp_tests" file="/home/dasscheman/svn/LOVD3_development/trunk/tests/phpunit_selenium/tempTest.php" line="155" assertions="3" time="3.938099"/>
      <testcase name="testAddVariantLocatedWithinGeneToIVAIndividual" class="temp_tests" file="/home/dasscheman/svn/LOVD3_development/trunk/tests/phpunit_selenium/tempTest.php" line="174" assertions="7" time="8.576603"/>
      <testcase name="testConfirmVariantToIVAIndividual" class="temp_tests" file="/home/dasscheman/svn/LOVD3_development/trunk/tests/phpunit_selenium/tempTest.php" line="210" assertions="8" time="11.306476"/>
      <testcase name="testUninstallLOVD" class="temp_tests" file="/home/dasscheman/svn/LOVD3_development/trunk/tests/phpunit_selenium/tempTest.php" line="248" assertions="1" time="2.463293"/>
    </testsuite>
  </testsuite>
</testsuites>
